{"numFailedTestSuites":0,"numFailedTests":0,"numPassedTestSuites":1,"numPassedTests":2,"numPendingTestSuites":0,"numPendingTests":0,"numRuntimeErrorTestSuites":0,"numTodoTests":0,"numTotalTestSuites":1,"numTotalTests":2,"openHandles":[],"snapshot":{"added":0,"didUpdate":false,"failure":false,"filesAdded":0,"filesRemoved":0,"filesRemovedList":[],"filesUnmatched":0,"filesUpdated":0,"matched":0,"total":0,"unchecked":0,"uncheckedKeysByFile":[],"unmatched":0,"updated":0},"startTime":1774532122096,"success":true,"testResults":[{"assertionResults":[{"ancestorTitles":["Backend smoke tests"],"duration":37,"failing":false,"failureDetails":[],"failureMessages":[],"fullName":"Backend smoke tests GET / returns basic info","invocations":1,"location":null,"numPassingAsserts":5,"retryReasons":[],"startAt":1774532124455,"status":"passed","title":"GET / returns basic info"},{"ancestorTitles":["Backend smoke tests"],"duration":13,"failing":false,"failureDetails":[],"failureMessages":[],"fullName":"Backend smoke tests GET /api/health returns status ok","invocations":1,"location":null,"numPassingAsserts":3,"retryReasons":[],"startAt":1774532124495,"status":"passed","title":"GET /api/health returns status ok"}],"endTime":1774532124511,"message":"","name":"C:\\Users\\Windows\\Documents\\BTL Công nghệ web và ứng dụng\\backend\\__tests__\\root.test.js","startTime":1774532122165,"status":"passed","summary":""}],"wasInterrupted":false,"coverageMap":{"C:\\Users\\Windows\\Documents\\BTL Công nghệ web và ứng dụng\\backend\\src\\app.js":{"path":"C:\\Users\\Windows\\Documents\\BTL Công nghệ web và ứng dụng\\backend\\src\\app.js","statementMap":{"0":{"start":{"line":1,"column":13},"end":{"line":1,"column":28}},"1":{"start":{"line":2,"column":0},"end":{"line":2,"column":71}},"2":{"start":{"line":3,"column":16},"end":{"line":3,"column":34}},"3":{"start":{"line":4,"column":13},"end":{"line":4,"column":28}},"4":{"start":{"line":5,"column":15},"end":{"line":5,"column":32}},"5":{"start":{"line":6,"column":15},"end":{"line":6,"column":32}},"6":{"start":{"line":7,"column":18},"end":{"line":7,"column":47}},"7":{"start":{"line":8,"column":18},"end":{"line":8,"column":47}},"8":{"start":{"line":9,"column":22},"end":{"line":9,"column":41}},"9":{"start":{"line":10,"column":15},"end":{"line":10,"column":34}},"10":{"start":{"line":11,"column":25},"end":{"line":11,"column":61}},"11":{"start":{"line":12,"column":20},"end":{"line":12,"column":47}},"12":{"start":{"line":14,"column":12},"end":{"line":14,"column":21}},"13":{"start":{"line":15,"column":13},"end":{"line":15,"column":37}},"14":{"start":{"line":18,"column":0},"end":{"line":18,"column":18}},"15":{"start":{"line":19,"column":0},"end":{"line":24,"column":4}},"16":{"start":{"line":27,"column":16},"end":{"line":31,"column":2}},"17":{"start":{"line":32,"column":0},"end":{"line":32,"column":26}},"18":{"start":{"line":35,"column":20},"end":{"line":39,"column":2}},"19":{"start":{"line":40,"column":0},"end":{"line":40,"column":40}},"20":{"start":{"line":43,"column":0},"end":{"line":43,"column":41}},"21":{"start":{"line":44,"column":0},"end":{"line":44,"column":63}},"22":{"start":{"line":47,"column":0},"end":{"line":47,"column":28}},"23":{"start":{"line":50,"column":0},"end":{"line":50,"column":72}},"24":{"start":{"line":53,"column":0},"end":{"line":56,"column":4}},"25":{"start":{"line":59,"column":0},"end":{"line":59,"column":24}},"26":{"start":{"line":62,"column":0},"end":{"line":69,"column":3}},"27":{"start":{"line":63,"column":2},"end":{"line":68,"column":5}},"28":{"start":{"line":72,"column":0},"end":{"line":72,"column":22}},"29":{"start":{"line":75,"column":0},"end":{"line":77,"column":3}},"30":{"start":{"line":76,"column":2},"end":{"line":76,"column":57}},"31":{"start":{"line":80,"column":20},"end":{"line":96,"column":1}},"32":{"start":{"line":81,"column":2},"end":{"line":95,"column":3}},"33":{"start":{"line":83,"column":4},"end":{"line":83,"column":76}},"34":{"start":{"line":84,"column":4},"end":{"line":84,"column":50}},"35":{"start":{"line":86,"column":4},"end":{"line":91,"column":7}},"36":{"start":{"line":87,"column":6},"end":{"line":87,"column":67}},"37":{"start":{"line":88,"column":6},"end":{"line":88,"column":68}},"38":{"start":{"line":89,"column":6},"end":{"line":89,"column":68}},"39":{"start":{"line":90,"column":6},"end":{"line":90,"column":61}},"40":{"start":{"line":93,"column":4},"end":{"line":93,"column":54}},"41":{"start":{"line":94,"column":4},"end":{"line":94,"column":20}},"42":{"start":{"line":100,"column":0},"end":{"line":100,"column":43}},"43":{"start":{"line":100,"column":29},"end":{"line":100,"column":43}},"44":{"start":{"line":102,"column":0},"end":{"line":102,"column":21}}},"fnMap":{"0":{"name":"(anonymous_0)","decl":{"start":{"line":62,"column":13},"end":{"line":62,"column":14}},"loc":{"start":{"line":62,"column":27},"end":{"line":69,"column":1}},"line":62},"1":{"name":"(anonymous_1)","decl":{"start":{"line":75,"column":8},"end":{"line":75,"column":9}},"loc":{"start":{"line":75,"column":22},"end":{"line":77,"column":1}},"line":75},"2":{"name":"(anonymous_2)","decl":{"start":{"line":80,"column":20},"end":{"line":80,"column":21}},"loc":{"start":{"line":80,"column":32},"end":{"line":96,"column":1}},"line":80},"3":{"name":"(anonymous_3)","decl":{"start":{"line":86,"column":21},"end":{"line":86,"column":22}},"loc":{"start":{"line":86,"column":27},"end":{"line":91,"column":5}},"line":86}},"branchMap":{"0":{"loc":{"start":{"line":15,"column":13},"end":{"line":15,"column":37}},"type":"binary-expr","locations":[{"start":{"line":15,"column":13},"end":{"line":15,"column":29}},{"start":{"line":15,"column":33},"end":{"line":15,"column":37}}],"line":15},"1":{"loc":{"start":{"line":20,"column":10},"end":{"line":20,"column":61}},"type":"binary-expr","locations":[{"start":{"line":20,"column":10},"end":{"line":20,"column":34}},{"start":{"line":20,"column":38},"end":{"line":20,"column":61}}],"line":20},"2":{"loc":{"start":{"line":100,"column":0},"end":{"line":100,"column":43}},"type":"if","locations":[{"start":{"line":100,"column":0},"end":{"line":100,"column":43}},{"start":{},"end":{}}],"line":100}},"s":{"0":1,"1":1,"2":1,"3":1,"4":1,"5":1,"6":1,"7":1,"8":1,"9":1,"10":1,"11":1,"12":1,"13":1,"14":1,"15":1,"16":1,"17":1,"18":1,"19":1,"20":1,"21":1,"22":1,"23":1,"24":1,"25":1,"26":1,"27":1,"28":1,"29":1,"30":0,"31":1,"32":0,"33":0,"34":0,"35":0,"36":0,"37":0,"38":0,"39":0,"40":0,"41":0,"42":1,"43":0,"44":1},"f":{"0":1,"1":0,"2":0,"3":0},"b":{"0":[1,0],"1":[1,0],"2":[0,1]},"_coverageSchema":"1a1c01bbd47fc00a2c39e90264f33305004495a9","hash":"7bdae2afae1b02d581390e0b3512fd1426e0825a"},"C:\\Users\\Windows\\Documents\\BTL Công nghệ web và ứng dụng\\backend\\src\\models\\index.js":{"path":"C:\\Users\\Windows\\Documents\\BTL Công nghệ web và ứng dụng\\backend\\src\\models\\index.js","statementMap":{"0":{"start":{"line":1,"column":18},"end":{"line":1,"column":47}},"1":{"start":{"line":2,"column":13},"end":{"line":2,"column":30}},"2":{"start":{"line":3,"column":16},"end":{"line":3,"column":36}},"3":{"start":{"line":4,"column":14},"end":{"line":4,"column":32}},"4":{"start":{"line":5,"column":17},"end":{"line":5,"column":38}},"5":{"start":{"line":6,"column":19},"end":{"line":6,"column":42}},"6":{"start":{"line":7,"column":19},"end":{"line":7,"column":42}},"7":{"start":{"line":8,"column":14},"end":{"line":8,"column":32}},"8":{"start":{"line":9,"column":15},"end":{"line":9,"column":34}},"9":{"start":{"line":10,"column":21},"end":{"line":10,"column":46}},"10":{"start":{"line":11,"column":17},"end":{"line":11,"column":38}},"11":{"start":{"line":16,"column":0},"end":{"line":16,"column":68}},"12":{"start":{"line":17,"column":0},"end":{"line":17,"column":70}},"13":{"start":{"line":20,"column":0},"end":{"line":20,"column":75}},"14":{"start":{"line":21,"column":0},"end":{"line":21,"column":69}},"15":{"start":{"line":24,"column":0},"end":{"line":24,"column":69}},"16":{"start":{"line":25,"column":0},"end":{"line":25,"column":67}},"17":{"start":{"line":28,"column":0},"end":{"line":28,"column":74}},"18":{"start":{"line":29,"column":0},"end":{"line":29,"column":72}},"19":{"start":{"line":32,"column":0},"end":{"line":32,"column":73}},"20":{"start":{"line":33,"column":0},"end":{"line":33,"column":69}},"21":{"start":{"line":36,"column":0},"end":{"line":36,"column":83}},"22":{"start":{"line":37,"column":0},"end":{"line":37,"column":84}},"23":{"start":{"line":40,"column":0},"end":{"line":40,"column":79}},"24":{"start":{"line":41,"column":0},"end":{"line":41,"column":78}},"25":{"start":{"line":44,"column":0},"end":{"line":44,"column":74}},"26":{"start":{"line":45,"column":0},"end":{"line":45,"column":72}},"27":{"start":{"line":48,"column":0},"end":{"line":48,"column":79}},"28":{"start":{"line":49,"column":0},"end":{"line":49,"column":80}},"29":{"start":{"line":52,"column":0},"end":{"line":52,"column":73}},"30":{"start":{"line":53,"column":0},"end":{"line":53,"column":79}},"31":{"start":{"line":56,"column":0},"end":{"line":56,"column":64}},"32":{"start":{"line":57,"column":0},"end":{"line":57,"column":67}},"33":{"start":{"line":60,"column":0},"end":{"line":60,"column":63}},"34":{"start":{"line":61,"column":0},"end":{"line":61,"column":70}},"35":{"start":{"line":64,"column":0},"end":{"line":64,"column":66}},"36":{"start":{"line":65,"column":0},"end":{"line":65,"column":68}},"37":{"start":{"line":68,"column":0},"end":{"line":68,"column":65}},"38":{"start":{"line":69,"column":0},"end":{"line":69,"column":65}},"39":{"start":{"line":72,"column":0},"end":{"line":72,"column":65}},"40":{"start":{"line":73,"column":0},"end":{"line":73,"column":72}},"41":{"start":{"line":76,"column":0},"end":{"line":76,"column":76}},"42":{"start":{"line":77,"column":0},"end":{"line":77,"column":70}},"43":{"start":{"line":80,"column":0},"end":{"line":80,"column":75}},"44":{"start":{"line":81,"column":0},"end":{"line":81,"column":68}},"45":{"start":{"line":84,"column":0},"end":{"line":84,"column":68}},"46":{"start":{"line":85,"column":0},"end":{"line":85,"column":64}},"47":{"start":{"line":87,"column":0},"end":{"line":99,"column":2}}},"fnMap":{},"branchMap":{},"s":{"0":1,"1":1,"2":1,"3":1,"4":1,"5":1,"6":1,"7":1,"8":1,"9":1,"10":1,"11":1,"12":1,"13":1,"14":1,"15":1,"16":1,"17":1,"18":1,"19":1,"20":1,"21":1,"22":1,"23":1,"24":1,"25":1,"26":1,"27":1,"28":1,"29":1,"30":1,"31":1,"32":1,"33":1,"34":1,"35":1,"36":1,"37":1,"38":1,"39":1,"40":1,"41":1,"42":1,"43":1,"44":1,"45":1,"46":1,"47":1},"f":{},"b":{},"_coverageSchema":"1a1c01bbd47fc00a2c39e90264f33305004495a9","hash":"7b93dd425c6984fed1c8b975b2c151c07581315a"},"C:\\Users\\Windows\\Documents\\BTL Công nghệ web và ứng dụng\\backend\\src\\config\\database.js":{"path":"C:\\Users\\Windows\\Documents\\BTL Công nghệ web và ứng dụng\\backend\\src\\config\\database.js","statementMap":{"0":{"start":{"line":1,"column":22},"end":{"line":1,"column":42}},"1":{"start":{"line":2,"column":13},"end":{"line":2,"column":28}},"2":{"start":{"line":3,"column":0},"end":{"line":3,"column":77}},"3":{"start":{"line":5,"column":16},"end":{"line":5,"column":49}},"4":{"start":{"line":9,"column":0},"end":{"line":76,"column":1}},"5":{"start":{"line":10,"column":31},"end":{"line":10,"column":75}},"6":{"start":{"line":11,"column":19},"end":{"line":11,"column":43}},"7":{"start":{"line":12,"column":23},"end":{"line":12,"column":51}},"8":{"start":{"line":13,"column":21},"end":{"line":13,"column":48}},"9":{"start":{"line":14,"column":29},"end":{"line":14,"column":62}},"10":{"start":{"line":16,"column":17},"end":{"line":43,"column":3}},"11":{"start":{"line":46,"column":2},"end":{"line":49,"column":3}},"12":{"start":{"line":47,"column":4},"end":{"line":47,"column":50}},"13":{"start":{"line":48,"column":4},"end":{"line":48,"column":52}},"14":{"start":{"line":52,"column":2},"end":{"line":61,"column":3}},"15":{"start":{"line":53,"column":4},"end":{"line":60,"column":6}},"16":{"start":{"line":63,"column":2},"end":{"line":63,"column":27}},"17":{"start":{"line":66,"column":2},"end":{"line":75,"column":4}},"18":{"start":{"line":78,"column":18},"end":{"line":78,"column":48}},"19":{"start":{"line":80,"column":0},"end":{"line":80,"column":27}}},"fnMap":{},"branchMap":{"0":{"loc":{"start":{"line":5,"column":16},"end":{"line":5,"column":49}},"type":"binary-expr","locations":[{"start":{"line":5,"column":16},"end":{"line":5,"column":38}},{"start":{"line":5,"column":42},"end":{"line":5,"column":49}}],"line":5},"1":{"loc":{"start":{"line":9,"column":0},"end":{"line":76,"column":1}},"type":"if","locations":[{"start":{"line":9,"column":0},"end":{"line":76,"column":1}},{"start":{"line":64,"column":7},"end":{"line":76,"column":1}}],"line":9},"2":{"loc":{"start":{"line":13,"column":21},"end":{"line":13,"column":48}},"type":"binary-expr","locations":[{"start":{"line":13,"column":21},"end":{"line":13,"column":42}},{"start":{"line":13,"column":46},"end":{"line":13,"column":48}}],"line":13},"3":{"loc":{"start":{"line":14,"column":37},"end":{"line":14,"column":61}},"type":"binary-expr","locations":[{"start":{"line":14,"column":37},"end":{"line":14,"column":45}},{"start":{"line":14,"column":49},"end":{"line":14,"column":61}}],"line":14},"4":{"loc":{"start":{"line":18,"column":10},"end":{"line":18,"column":44}},"type":"binary-expr","locations":[{"start":{"line":18,"column":10},"end":{"line":18,"column":29}},{"start":{"line":18,"column":33},"end":{"line":18,"column":44}}],"line":18},"5":{"loc":{"start":{"line":19,"column":10},"end":{"line":19,"column":47}},"type":"binary-expr","locations":[{"start":{"line":19,"column":10},"end":{"line":19,"column":39}},{"start":{"line":19,"column":43},"end":{"line":19,"column":47}}],"line":19},"6":{"loc":{"start":{"line":20,"column":14},"end":{"line":20,"column":58}},"type":"binary-expr","locations":[{"start":{"line":20,"column":14},"end":{"line":20,"column":33}},{"start":{"line":20,"column":37},"end":{"line":20,"column":58}}],"line":20},"7":{"loc":{"start":{"line":21,"column":13},"end":{"line":21,"column":73}},"type":"cond-expr","locations":[{"start":{"line":21,"column":54},"end":{"line":21,"column":65}},{"start":{"line":21,"column":68},"end":{"line":21,"column":73}}],"line":21},"8":{"loc":{"start":{"line":27,"column":22},"end":{"line":27,"column":58}},"type":"binary-expr","locations":[{"start":{"line":27,"column":22},"end":{"line":27,"column":45}},{"start":{"line":27,"column":49},"end":{"line":27,"column":58}}],"line":27},"9":{"loc":{"start":{"line":46,"column":2},"end":{"line":49,"column":3}},"type":"if","locations":[{"start":{"line":46,"column":2},"end":{"line":49,"column":3}},{"start":{},"end":{}}],"line":46},"10":{"loc":{"start":{"line":47,"column":22},"end":{"line":47,"column":49}},"type":"binary-expr","locations":[{"start":{"line":47,"column":22},"end":{"line":47,"column":41}},{"start":{"line":47,"column":45},"end":{"line":47,"column":49}}],"line":47},"11":{"loc":{"start":{"line":48,"column":22},"end":{"line":48,"column":51}},"type":"binary-expr","locations":[{"start":{"line":48,"column":22},"end":{"line":48,"column":45}},{"start":{"line":48,"column":49},"end":{"line":48,"column":51}}],"line":48},"12":{"loc":{"start":{"line":52,"column":2},"end":{"line":61,"column":3}},"type":"if","locations":[{"start":{"line":52,"column":2},"end":{"line":61,"column":3}},{"start":{},"end":{}}],"line":52},"13":{"loc":{"start":{"line":52,"column":6},"end":{"line":52,"column":48}},"type":"binary-expr","locations":[{"start":{"line":52,"column":6},"end":{"line":52,"column":26}},{"start":{"line":52,"column":30},"end":{"line":52,"column":48}}],"line":52},"14":{"loc":{"start":{"line":68,"column":13},"end":{"line":68,"column":90}},"type":"binary-expr","locations":[{"start":{"line":68,"column":13},"end":{"line":68,"column":35}},{"start":{"line":68,"column":39},"end":{"line":68,"column":90}}],"line":68},"15":{"loc":{"start":{"line":69,"column":13},"end":{"line":69,"column":73}},"type":"cond-expr","locations":[{"start":{"line":69,"column":54},"end":{"line":69,"column":65}},{"start":{"line":69,"column":68},"end":{"line":69,"column":73}}],"line":69}},"s":{"0":1,"1":1,"2":1,"3":1,"4":1,"5":0,"6":0,"7":0,"8":0,"9":0,"10":0,"11":0,"12":0,"13":0,"14":0,"15":0,"16":0,"17":1,"18":1,"19":1},"f":{},"b":{"0":[1,0],"1":[0,1],"2":[0,0],"3":[0,0],"4":[0,0],"5":[0,0],"6":[0,0],"7":[0,0],"8":[0,0],"9":[0,0],"10":[0,0],"11":[0,0],"12":[0,0],"13":[0,0],"14":[1,1],"15":[0,1]},"_coverageSchema":"1a1c01bbd47fc00a2c39e90264f33305004495a9","hash":"76a561a86e6c90357055abff92edffe34ef55c63"},"C:\\Users\\Windows\\Documents\\BTL Công nghệ web và ứng dụng\\backend\\src\\models\\User.js":{"path":"C:\\Users\\Windows\\Documents\\BTL Công nghệ web và ứng dụng\\backend\\src\\models\\User.js","statementMap":{"0":{"start":{"line":1,"column":22},"end":{"line":1,"column":42}},"1":{"start":{"line":2,"column":18},"end":{"line":2,"column":47}},"2":{"start":{"line":3,"column":15},"end":{"line":3,"column":34}},"3":{"start":{"line":5,"column":13},"end":{"line":96,"column":2}},"4":{"start":{"line":85,"column":6},"end":{"line":87,"column":7}},"5":{"start":{"line":86,"column":8},"end":{"line":86,"column":61}},"6":{"start":{"line":90,"column":6},"end":{"line":92,"column":7}},"7":{"start":{"line":91,"column":8},"end":{"line":91,"column":61}},"8":{"start":{"line":93,"column":6},"end":{"line":93,"column":38}},"9":{"start":{"line":98,"column":0},"end":{"line":100,"column":2}},"10":{"start":{"line":99,"column":2},"end":{"line":99,"column":58}},"11":{"start":{"line":102,"column":0},"end":{"line":109,"column":2}},"12":{"start":{"line":103,"column":17},"end":{"line":103,"column":46}},"13":{"start":{"line":104,"column":2},"end":{"line":104,"column":25}},"14":{"start":{"line":105,"column":2},"end":{"line":105,"column":37}},"15":{"start":{"line":106,"column":2},"end":{"line":106,"column":39}},"16":{"start":{"line":107,"column":2},"end":{"line":107,"column":34}},"17":{"start":{"line":108,"column":2},"end":{"line":108,"column":16}},"18":{"start":{"line":111,"column":0},"end":{"line":111,"column":22}}},"fnMap":{"0":{"name":"(anonymous_0)","decl":{"start":{"line":84,"column":18},"end":{"line":84,"column":19}},"loc":{"start":{"line":84,"column":34},"end":{"line":88,"column":5}},"line":84},"1":{"name":"(anonymous_1)","decl":{"start":{"line":89,"column":18},"end":{"line":89,"column":19}},"loc":{"start":{"line":89,"column":34},"end":{"line":94,"column":5}},"line":89},"2":{"name":"(anonymous_2)","decl":{"start":{"line":98,"column":33},"end":{"line":98,"column":34}},"loc":{"start":{"line":98,"column":68},"end":{"line":100,"column":1}},"line":98},"3":{"name":"(anonymous_3)","decl":{"start":{"line":102,"column":24},"end":{"line":102,"column":25}},"loc":{"start":{"line":102,"column":36},"end":{"line":109,"column":1}},"line":102}},"branchMap":{"0":{"loc":{"start":{"line":85,"column":6},"end":{"line":87,"column":7}},"type":"if","locations":[{"start":{"line":85,"column":6},"end":{"line":87,"column":7}},{"start":{},"end":{}}],"line":85},"1":{"loc":{"start":{"line":90,"column":6},"end":{"line":92,"column":7}},"type":"if","locations":[{"start":{"line":90,"column":6},"end":{"line":92,"column":7}},{"start":{},"end":{}}],"line":90}},"s":{"0":1,"1":1,"2":1,"3":1,"4":0,"5":0,"6":0,"7":0,"8":0,"9":1,"10":0,"11":1,"12":0,"13":0,"14":0,"15":0,"16":0,"17":0,"18":1},"f":{"0":0,"1":0,"2":0,"3":0},"b":{"0":[0,0],"1":[0,0]},"_coverageSchema":"1a1c01bbd47fc00a2c39e90264f33305004495a9","hash":"96fa3c37e5f30659b1573e19031bdbea1f9a8d4c"},"C:\\Users\\Windows\\Documents\\BTL Công nghệ web và ứng dụng\\backend\\src\\models\\Subject.js":{"path":"C:\\Users\\Windows\\Documents\\BTL Công nghệ web và ứng dụng\\backend\\src\\models\\Subject.js","statementMap":{"0":{"start":{"line":1,"column":22},"end":{"line":1,"column":42}},"1":{"start":{"line":2,"column":18},"end":{"line":2,"column":47}},"2":{"start":{"line":4,"column":16},"end":{"line":42,"column":2}},"3":{"start":{"line":44,"column":0},"end":{"line":44,"column":25}}},"fnMap":{},"branchMap":{},"s":{"0":1,"1":1,"2":1,"3":1},"f":{},"b":{},"_coverageSchema":"1a1c01bbd47fc00a2c39e90264f33305004495a9","hash":"68fbc7959c28993510c84e0e7b54314bca051366"},"C:\\Users\\Windows\\Documents\\BTL Công nghệ web và ứng dụng\\backend\\src\\models\\Class.js":{"path":"C:\\Users\\Windows\\Documents\\BTL Công nghệ web và ứng dụng\\backend\\src\\models\\Class.js","statementMap":{"0":{"start":{"line":1,"column":22},"end":{"line":1,"column":42}},"1":{"start":{"line":2,"column":18},"end":{"line":2,"column":47}},"2":{"start":{"line":4,"column":14},"end":{"line":85,"column":2}},"3":{"start":{"line":63,"column":23},"end":{"line":63,"column":57}},"4":{"start":{"line":64,"column":6},"end":{"line":64,"column":93}},"5":{"start":{"line":67,"column":6},"end":{"line":67,"column":64}},"6":{"start":{"line":87,"column":0},"end":{"line":87,"column":23}}},"fnMap":{"0":{"name":"(anonymous_0)","decl":{"start":{"line":62,"column":4},"end":{"line":62,"column":5}},"loc":{"start":{"line":62,"column":10},"end":{"line":65,"column":5}},"line":62},"1":{"name":"(anonymous_1)","decl":{"start":{"line":66,"column":4},"end":{"line":66,"column":5}},"loc":{"start":{"line":66,"column":15},"end":{"line":68,"column":5}},"line":66}},"branchMap":{"0":{"loc":{"start":{"line":64,"column":13},"end":{"line":64,"column":92}},"type":"cond-expr","locations":[{"start":{"line":64,"column":24},"end":{"line":64,"column":44}},{"start":{"line":64,"column":47},"end":{"line":64,"column":92}}],"line":64}},"s":{"0":1,"1":1,"2":1,"3":0,"4":0,"5":0,"6":1},"f":{"0":0,"1":0},"b":{"0":[0,0]},"_coverageSchema":"1a1c01bbd47fc00a2c39e90264f33305004495a9","hash":"bdd55883496dc020b7a12d1f89c9d235e19a8c29"},"C:\\Users\\Windows\\Documents\\BTL Công nghệ web và ứng dụng\\backend\\src\\models\\Schedule.js":{"path":"C:\\Users\\Windows\\Documents\\BTL Công nghệ web và ứng dụng\\backend\\src\\models\\Schedule.js","statementMap":{"0":{"start":{"line":1,"column":22},"end":{"line":1,"column":42}},"1":{"start":{"line":2,"column":18},"end":{"line":2,"column":47}},"2":{"start":{"line":4,"column":17},"end":{"line":57,"column":2}},"3":{"start":{"line":59,"column":0},"end":{"line":59,"column":26}}},"fnMap":{},"branchMap":{},"s":{"0":1,"1":1,"2":1,"3":1},"f":{},"b":{},"_coverageSchema":"1a1c01bbd47fc00a2c39e90264f33305004495a9","hash":"d00cbdb30c402923641902e35846ae1af2deeaf8"},"C:\\Users\\Windows\\Documents\\BTL Công nghệ web và ứng dụng\\backend\\src\\models\\Enrollment.js":{"path":"C:\\Users\\Windows\\Documents\\BTL Công nghệ web và ứng dụng\\backend\\src\\models\\Enrollment.js","statementMap":{"0":{"start":{"line":1,"column":22},"end":{"line":1,"column":42}},"1":{"start":{"line":2,"column":18},"end":{"line":2,"column":47}},"2":{"start":{"line":4,"column":19},"end":{"line":51,"column":2}},"3":{"start":{"line":53,"column":0},"end":{"line":53,"column":28}}},"fnMap":{},"branchMap":{},"s":{"0":1,"1":1,"2":1,"3":1},"f":{},"b":{},"_coverageSchema":"1a1c01bbd47fc00a2c39e90264f33305004495a9","hash":"9066f603d91ed312802be657570246d0352554bf"},"C:\\Users\\Windows\\Documents\\BTL Công nghệ web và ứng dụng\\backend\\src\\models\\Attendance.js":{"path":"C:\\Users\\Windows\\Documents\\BTL Công nghệ web và ứng dụng\\backend\\src\\models\\Attendance.js","statementMap":{"0":{"start":{"line":1,"column":22},"end":{"line":1,"column":42}},"1":{"start":{"line":2,"column":18},"end":{"line":2,"column":47}},"2":{"start":{"line":4,"column":19},"end":{"line":48,"column":2}},"3":{"start":{"line":50,"column":0},"end":{"line":50,"column":28}}},"fnMap":{},"branchMap":{},"s":{"0":1,"1":1,"2":1,"3":1},"f":{},"b":{},"_coverageSchema":"1a1c01bbd47fc00a2c39e90264f33305004495a9","hash":"dbf68aac29ce8cbba9a42568c50f544fe64c79ea"},"C:\\Users\\Windows\\Documents\\BTL Công nghệ web và ứng dụng\\backend\\src\\models\\Grade.js":{"path":"C:\\Users\\Windows\\Documents\\BTL Công nghệ web và ứng dụng\\backend\\src\\models\\Grade.js","statementMap":{"0":{"start":{"line":1,"column":22},"end":{"line":1,"column":42}},"1":{"start":{"line":2,"column":18},"end":{"line":2,"column":47}},"2":{"start":{"line":4,"column":14},"end":{"line":58,"column":2}},"3":{"start":{"line":60,"column":0},"end":{"line":60,"column":23}}},"fnMap":{},"branchMap":{},"s":{"0":1,"1":1,"2":1,"3":1},"f":{},"b":{},"_coverageSchema":"1a1c01bbd47fc00a2c39e90264f33305004495a9","hash":"057e5982608ee11b7bf5a300b799c7aefccb90ab"},"C:\\Users\\Windows\\Documents\\BTL Công nghệ web và ứng dụng\\backend\\src\\models\\Appeal.js":{"path":"C:\\Users\\Windows\\Documents\\BTL Công nghệ web và ứng dụng\\backend\\src\\models\\Appeal.js","statementMap":{"0":{"start":{"line":1,"column":22},"end":{"line":1,"column":42}},"1":{"start":{"line":2,"column":18},"end":{"line":2,"column":47}},"2":{"start":{"line":4,"column":15},"end":{"line":60,"column":2}},"3":{"start":{"line":62,"column":0},"end":{"line":62,"column":24}}},"fnMap":{},"branchMap":{},"s":{"0":1,"1":1,"2":1,"3":1},"f":{},"b":{},"_coverageSchema":"1a1c01bbd47fc00a2c39e90264f33305004495a9","hash":"aa934fc38b94660f29b0607d1e1b432bcf98cb61"},"C:\\Users\\Windows\\Documents\\BTL Công nghệ web và ứng dụng\\backend\\src\\models\\Notification.js":{"path":"C:\\Users\\Windows\\Documents\\BTL Công nghệ web và ứng dụng\\backend\\src\\models\\Notification.js","statementMap":{"0":{"start":{"line":1,"column":22},"end":{"line":1,"column":42}},"1":{"start":{"line":2,"column":18},"end":{"line":2,"column":47}},"2":{"start":{"line":4,"column":21},"end":{"line":45,"column":2}},"3":{"start":{"line":47,"column":0},"end":{"line":47,"column":30}}},"fnMap":{},"branchMap":{},"s":{"0":1,"1":1,"2":1,"3":1},"f":{},"b":{},"_coverageSchema":"1a1c01bbd47fc00a2c39e90264f33305004495a9","hash":"bb3c9d06b52b4131781223e29cf84dfe316bce99"},"C:\\Users\\Windows\\Documents\\BTL Công nghệ web và ứng dụng\\backend\\src\\models\\AuditLog.js":{"path":"C:\\Users\\Windows\\Documents\\BTL Công nghệ web và ứng dụng\\backend\\src\\models\\AuditLog.js","statementMap":{"0":{"start":{"line":1,"column":22},"end":{"line":1,"column":42}},"1":{"start":{"line":2,"column":18},"end":{"line":2,"column":47}},"2":{"start":{"line":4,"column":17},"end":{"line":70,"column":2}},"3":{"start":{"line":36,"column":18},"end":{"line":36,"column":49}},"4":{"start":{"line":37,"column":6},"end":{"line":37,"column":42}},"5":{"start":{"line":40,"column":6},"end":{"line":40,"column":76}},"6":{"start":{"line":47,"column":18},"end":{"line":47,"column":49}},"7":{"start":{"line":48,"column":6},"end":{"line":48,"column":42}},"8":{"start":{"line":51,"column":6},"end":{"line":51,"column":76}},"9":{"start":{"line":72,"column":0},"end":{"line":72,"column":26}}},"fnMap":{"0":{"name":"(anonymous_0)","decl":{"start":{"line":35,"column":4},"end":{"line":35,"column":5}},"loc":{"start":{"line":35,"column":10},"end":{"line":38,"column":5}},"line":35},"1":{"name":"(anonymous_1)","decl":{"start":{"line":39,"column":4},"end":{"line":39,"column":5}},"loc":{"start":{"line":39,"column":15},"end":{"line":41,"column":5}},"line":39},"2":{"name":"(anonymous_2)","decl":{"start":{"line":46,"column":4},"end":{"line":46,"column":5}},"loc":{"start":{"line":46,"column":10},"end":{"line":49,"column":5}},"line":46},"3":{"name":"(anonymous_3)","decl":{"start":{"line":50,"column":4},"end":{"line":50,"column":5}},"loc":{"start":{"line":50,"column":15},"end":{"line":52,"column":5}},"line":50}},"branchMap":{"0":{"loc":{"start":{"line":37,"column":13},"end":{"line":37,"column":41}},"type":"cond-expr","locations":[{"start":{"line":37,"column":19},"end":{"line":37,"column":34}},{"start":{"line":37,"column":37},"end":{"line":37,"column":41}}],"line":37},"1":{"loc":{"start":{"line":40,"column":38},"end":{"line":40,"column":74}},"type":"cond-expr","locations":[{"start":{"line":40,"column":46},"end":{"line":40,"column":67}},{"start":{"line":40,"column":70},"end":{"line":40,"column":74}}],"line":40},"2":{"loc":{"start":{"line":48,"column":13},"end":{"line":48,"column":41}},"type":"cond-expr","locations":[{"start":{"line":48,"column":19},"end":{"line":48,"column":34}},{"start":{"line":48,"column":37},"end":{"line":48,"column":41}}],"line":48},"3":{"loc":{"start":{"line":51,"column":38},"end":{"line":51,"column":74}},"type":"cond-expr","locations":[{"start":{"line":51,"column":46},"end":{"line":51,"column":67}},{"start":{"line":51,"column":70},"end":{"line":51,"column":74}}],"line":51}},"s":{"0":1,"1":1,"2":1,"3":0,"4":0,"5":0,"6":0,"7":0,"8":0,"9":1},"f":{"0":0,"1":0,"2":0,"3":0},"b":{"0":[0,0],"1":[0,0],"2":[0,0],"3":[0,0]},"_coverageSchema":"1a1c01bbd47fc00a2c39e90264f33305004495a9","hash":"2dc7d336b8b9504ef7c1e7a8827a90e390d4f5ac"},"C:\\Users\\Windows\\Documents\\BTL Công nghệ web và ứng dụng\\backend\\src\\routes\\index.js":{"path":"C:\\Users\\Windows\\Documents\\BTL Công nghệ web và ứng dụng\\backend\\src\\routes\\index.js","statementMap":{"0":{"start":{"line":1,"column":16},"end":{"line":1,"column":34}},"1":{"start":{"line":2,"column":15},"end":{"line":2,"column":31}},"2":{"start":{"line":3,"column":15},"end":{"line":3,"column":32}},"3":{"start":{"line":4,"column":13},"end":{"line":4,"column":28}},"4":{"start":{"line":6,"column":36},"end":{"line":6,"column":65}},"5":{"start":{"line":7,"column":28},"end":{"line":7,"column":58}},"6":{"start":{"line":10,"column":23},"end":{"line":10,"column":63}},"7":{"start":{"line":11,"column":23},"end":{"line":11,"column":63}},"8":{"start":{"line":12,"column":26},"end":{"line":12,"column":69}},"9":{"start":{"line":13,"column":24},"end":{"line":13,"column":65}},"10":{"start":{"line":14,"column":27},"end":{"line":14,"column":71}},"11":{"start":{"line":15,"column":29},"end":{"line":15,"column":75}},"12":{"start":{"line":16,"column":29},"end":{"line":16,"column":75}},"13":{"start":{"line":17,"column":24},"end":{"line":17,"column":65}},"14":{"start":{"line":18,"column":25},"end":{"line":18,"column":67}},"15":{"start":{"line":19,"column":31},"end":{"line":19,"column":79}},"16":{"start":{"line":20,"column":25},"end":{"line":20,"column":67}},"17":{"start":{"line":21,"column":25},"end":{"line":21,"column":67}},"18":{"start":{"line":22,"column":21},"end":{"line":22,"column":41}},"19":{"start":{"line":23,"column":45},"end":{"line":23,"column":72}},"20":{"start":{"line":26,"column":15},"end":{"line":26,"column":71}},"21":{"start":{"line":29,"column":0},"end":{"line":29,"column":55}},"22":{"start":{"line":30,"column":0},"end":{"line":30,"column":49}},"23":{"start":{"line":31,"column":0},"end":{"line":31,"column":69}},"24":{"start":{"line":32,"column":0},"end":{"line":32,"column":72}},"25":{"start":{"line":33,"column":0},"end":{"line":33,"column":81}},"26":{"start":{"line":34,"column":0},"end":{"line":34,"column":68}},"27":{"start":{"line":35,"column":0},"end":{"line":35,"column":73}},"28":{"start":{"line":36,"column":0},"end":{"line":36,"column":64}},"29":{"start":{"line":39,"column":0},"end":{"line":39,"column":78}},"30":{"start":{"line":40,"column":0},"end":{"line":40,"column":83}},"31":{"start":{"line":41,"column":0},"end":{"line":41,"column":79}},"32":{"start":{"line":42,"column":0},"end":{"line":42,"column":82}},"33":{"start":{"line":43,"column":0},"end":{"line":43,"column":85}},"34":{"start":{"line":44,"column":0},"end":{"line":44,"column":92}},"35":{"start":{"line":47,"column":0},"end":{"line":47,"column":64}},"36":{"start":{"line":48,"column":0},"end":{"line":48,"column":69}},"37":{"start":{"line":49,"column":0},"end":{"line":49,"column":85}},"38":{"start":{"line":50,"column":0},"end":{"line":50,"column":88}},"39":{"start":{"line":51,"column":0},"end":{"line":51,"column":91}},"40":{"start":{"line":54,"column":0},"end":{"line":54,"column":61}},"41":{"start":{"line":55,"column":0},"end":{"line":55,"column":101}},"42":{"start":{"line":56,"column":0},"end":{"line":56,"column":104}},"43":{"start":{"line":57,"column":0},"end":{"line":57,"column":66}},"44":{"start":{"line":58,"column":0},"end":{"line":58,"column":82}},"45":{"start":{"line":59,"column":0},"end":{"line":59,"column":97}},"46":{"start":{"line":60,"column":0},"end":{"line":60,"column":88}},"47":{"start":{"line":63,"column":0},"end":{"line":63,"column":66}},"48":{"start":{"line":64,"column":0},"end":{"line":64,"column":85}},"49":{"start":{"line":65,"column":0},"end":{"line":65,"column":71}},"50":{"start":{"line":66,"column":0},"end":{"line":66,"column":99}},"51":{"start":{"line":67,"column":0},"end":{"line":67,"column":108}},"52":{"start":{"line":68,"column":0},"end":{"line":68,"column":102}},"53":{"start":{"line":69,"column":0},"end":{"line":69,"column":105}},"54":{"start":{"line":72,"column":0},"end":{"line":72,"column":70}},"55":{"start":{"line":73,"column":0},"end":{"line":73,"column":75}},"56":{"start":{"line":74,"column":0},"end":{"line":74,"column":102}},"57":{"start":{"line":75,"column":0},"end":{"line":75,"column":100}},"58":{"start":{"line":76,"column":0},"end":{"line":76,"column":77}},"59":{"start":{"line":77,"column":0},"end":{"line":77,"column":97}},"60":{"start":{"line":80,"column":0},"end":{"line":80,"column":70}},"61":{"start":{"line":81,"column":0},"end":{"line":81,"column":116}},"62":{"start":{"line":82,"column":0},"end":{"line":82,"column":106}},"63":{"start":{"line":83,"column":0},"end":{"line":83,"column":102}},"64":{"start":{"line":84,"column":0},"end":{"line":84,"column":96}},"65":{"start":{"line":85,"column":0},"end":{"line":85,"column":151}},"66":{"start":{"line":88,"column":0},"end":{"line":88,"column":60}},"67":{"start":{"line":89,"column":0},"end":{"line":89,"column":104}},"68":{"start":{"line":90,"column":0},"end":{"line":90,"column":96}},"69":{"start":{"line":91,"column":0},"end":{"line":91,"column":132}},"70":{"start":{"line":92,"column":0},"end":{"line":92,"column":78}},"71":{"start":{"line":93,"column":0},"end":{"line":93,"column":89}},"72":{"start":{"line":96,"column":0},"end":{"line":96,"column":62}},"73":{"start":{"line":97,"column":0},"end":{"line":97,"column":67}},"74":{"start":{"line":98,"column":0},"end":{"line":98,"column":85}},"75":{"start":{"line":99,"column":0},"end":{"line":99,"column":105}},"76":{"start":{"line":102,"column":0},"end":{"line":102,"column":86}},"77":{"start":{"line":103,"column":0},"end":{"line":103,"column":87}},"78":{"start":{"line":104,"column":0},"end":{"line":104,"column":90}},"79":{"start":{"line":105,"column":0},"end":{"line":105,"column":81}},"80":{"start":{"line":106,"column":0},"end":{"line":106,"column":93}},"81":{"start":{"line":107,"column":0},"end":{"line":107,"column":102}},"82":{"start":{"line":110,"column":0},"end":{"line":110,"column":118}},"83":{"start":{"line":111,"column":0},"end":{"line":111,"column":133}},"84":{"start":{"line":112,"column":0},"end":{"line":112,"column":106}},"85":{"start":{"line":113,"column":0},"end":{"line":113,"column":126}},"86":{"start":{"line":116,"column":0},"end":{"line":116,"column":128}},"87":{"start":{"line":117,"column":0},"end":{"line":117,"column":124}},"88":{"start":{"line":118,"column":0},"end":{"line":118,"column":136}},"89":{"start":{"line":119,"column":0},"end":{"line":119,"column":89}},"90":{"start":{"line":120,"column":0},"end":{"line":120,"column":100}},"91":{"start":{"line":121,"column":0},"end":{"line":121,"column":131}},"92":{"start":{"line":124,"column":0},"end":{"line":139,"column":3}},"93":{"start":{"line":125,"column":2},"end":{"line":138,"column":34}},"94":{"start":{"line":126,"column":36},"end":{"line":126,"column":60}},"95":{"start":{"line":127,"column":18},"end":{"line":127,"column":20}},"96":{"start":{"line":128,"column":4},"end":{"line":128,"column":58}},"97":{"start":{"line":128,"column":26},"end":{"line":128,"column":58}},"98":{"start":{"line":129,"column":4},"end":{"line":129,"column":58}},"99":{"start":{"line":129,"column":26},"end":{"line":129,"column":58}},"100":{"start":{"line":130,"column":4},"end":{"line":130,"column":61}},"101":{"start":{"line":130,"column":27},"end":{"line":130,"column":61}},"102":{"start":{"line":132,"column":17},"end":{"line":135,"column":6}},"103":{"start":{"line":136,"column":19},"end":{"line":136,"column":55}},"104":{"start":{"line":137,"column":4},"end":{"line":137,"column":68}},"105":{"start":{"line":138,"column":20},"end":{"line":138,"column":32}},"106":{"start":{"line":142,"column":0},"end":{"line":149,"column":3}},"107":{"start":{"line":143,"column":2},"end":{"line":148,"column":5}},"108":{"start":{"line":151,"column":0},"end":{"line":151,"column":24}}},"fnMap":{"0":{"name":"(anonymous_0)","decl":{"start":{"line":124,"column":60},"end":{"line":124,"column":61}},"loc":{"start":{"line":124,"column":86},"end":{"line":139,"column":1}},"line":124},"1":{"name":"(anonymous_1)","decl":{"start":{"line":142,"column":22},"end":{"line":142,"column":23}},"loc":{"start":{"line":142,"column":36},"end":{"line":149,"column":1}},"line":142}},"branchMap":{"0":{"loc":{"start":{"line":128,"column":4},"end":{"line":128,"column":58}},"type":"if","locations":[{"start":{"line":128,"column":4},"end":{"line":128,"column":58}},{"start":{},"end":{}}],"line":128},"1":{"loc":{"start":{"line":129,"column":4},"end":{"line":129,"column":58}},"type":"if","locations":[{"start":{"line":129,"column":4},"end":{"line":129,"column":58}},{"start":{},"end":{}}],"line":129},"2":{"loc":{"start":{"line":130,"column":4},"end":{"line":130,"column":61}},"type":"if","locations":[{"start":{"line":130,"column":4},"end":{"line":130,"column":61}},{"start":{},"end":{}}],"line":130}},"s":{"0":1,"1":1,"2":1,"3":1,"4":1,"5":1,"6":1,"7":1,"8":1,"9":1,"10":1,"11":1,"12":1,"13":1,"14":1,"15":1,"16":1,"17":1,"18":1,"19":1,"20":1,"21":1,"22":1,"23":1,"24":1,"25":1,"26":1,"27":1,"28":1,"29":1,"30":1,"31":1,"32":1,"33":1,"34":1,"35":1,"36":1,"37":1,"38":1,"39":1,"40":1,"41":1,"42":1,"43":1,"44":1,"45":1,"46":1,"47":1,"48":1,"49":1,"50":1,"51":1,"52":1,"53":1,"54":1,"55":1,"56":1,"57":1,"58":1,"59":1,"60":1,"61":1,"62":1,"63":1,"64":1,"65":1,"66":1,"67":1,"68":1,"69":1,"70":1,"71":1,"72":1,"73":1,"74":1,"75":1,"76":1,"77":1,"78":1,"79":1,"80":1,"81":1,"82":1,"83":1,"84":1,"85":1,"86":1,"87":1,"88":1,"89":1,"90":1,"91":1,"92":1,"93":0,"94":0,"95":0,"96":0,"97":0,"98":0,"99":0,"100":0,"101":0,"102":0,"103":0,"104":0,"105":0,"106":1,"107":1,"108":1},"f":{"0":0,"1":1},"b":{"0":[0,0],"1":[0,0],"2":[0,0]},"_coverageSchema":"1a1c01bbd47fc00a2c39e90264f33305004495a9","hash":"c540db4ebd7819a8e8c1dbfe816ae321ac35e4df"},"C:\\Users\\Windows\\Documents\\BTL Công nghệ web và ứng dụng\\backend\\src\\middleware\\auth.js":{"path":"C:\\Users\\Windows\\Documents\\BTL Công nghệ web và ứng dụng\\backend\\src\\middleware\\auth.js","statementMap":{"0":{"start":{"line":1,"column":12},"end":{"line":1,"column":35}},"1":{"start":{"line":2,"column":17},"end":{"line":2,"column":37}},"2":{"start":{"line":5,"column":21},"end":{"line":31,"column":1}},"3":{"start":{"line":6,"column":2},"end":{"line":30,"column":3}},"4":{"start":{"line":7,"column":23},"end":{"line":7,"column":48}},"5":{"start":{"line":8,"column":4},"end":{"line":10,"column":5}},"6":{"start":{"line":9,"column":6},"end":{"line":9,"column":93}},"7":{"start":{"line":12,"column":18},"end":{"line":12,"column":42}},"8":{"start":{"line":13,"column":20},"end":{"line":13,"column":61}},"9":{"start":{"line":15,"column":17},"end":{"line":15,"column":48}},"10":{"start":{"line":16,"column":4},"end":{"line":18,"column":5}},"11":{"start":{"line":17,"column":6},"end":{"line":17,"column":101}},"12":{"start":{"line":20,"column":4},"end":{"line":20,"column":20}},"13":{"start":{"line":21,"column":4},"end":{"line":21,"column":11}},"14":{"start":{"line":23,"column":4},"end":{"line":25,"column":5}},"15":{"start":{"line":24,"column":6},"end":{"line":24,"column":90}},"16":{"start":{"line":26,"column":4},"end":{"line":28,"column":5}},"17":{"start":{"line":27,"column":6},"end":{"line":27,"column":68}},"18":{"start":{"line":29,"column":4},"end":{"line":29,"column":16}},"19":{"start":{"line":34,"column":18},"end":{"line":48,"column":1}},"20":{"start":{"line":35,"column":2},"end":{"line":47,"column":4}},"21":{"start":{"line":36,"column":4},"end":{"line":38,"column":5}},"22":{"start":{"line":37,"column":6},"end":{"line":37,"column":63}},"23":{"start":{"line":39,"column":4},"end":{"line":45,"column":5}},"24":{"start":{"line":40,"column":6},"end":{"line":44,"column":9}},"25":{"start":{"line":46,"column":4},"end":{"line":46,"column":11}},"26":{"start":{"line":51,"column":21},"end":{"line":66,"column":1}},"27":{"start":{"line":52,"column":2},"end":{"line":65,"column":3}},"28":{"start":{"line":53,"column":23},"end":{"line":53,"column":48}},"29":{"start":{"line":54,"column":4},"end":{"line":61,"column":5}},"30":{"start":{"line":55,"column":20},"end":{"line":55,"column":44}},"31":{"start":{"line":56,"column":22},"end":{"line":56,"column":63}},"32":{"start":{"line":57,"column":19},"end":{"line":57,"column":50}},"33":{"start":{"line":58,"column":6},"end":{"line":60,"column":7}},"34":{"start":{"line":59,"column":8},"end":{"line":59,"column":24}},"35":{"start":{"line":62,"column":4},"end":{"line":62,"column":11}},"36":{"start":{"line":64,"column":4},"end":{"line":64,"column":11}},"37":{"start":{"line":68,"column":0},"end":{"line":68,"column":59}}},"fnMap":{"0":{"name":"(anonymous_0)","decl":{"start":{"line":5,"column":21},"end":{"line":5,"column":22}},"loc":{"start":{"line":5,"column":47},"end":{"line":31,"column":1}},"line":5},"1":{"name":"(anonymous_1)","decl":{"start":{"line":34,"column":18},"end":{"line":34,"column":19}},"loc":{"start":{"line":34,"column":32},"end":{"line":48,"column":1}},"line":34},"2":{"name":"(anonymous_2)","decl":{"start":{"line":35,"column":9},"end":{"line":35,"column":10}},"loc":{"start":{"line":35,"column":29},"end":{"line":47,"column":3}},"line":35},"3":{"name":"(anonymous_3)","decl":{"start":{"line":51,"column":21},"end":{"line":51,"column":22}},"loc":{"start":{"line":51,"column":47},"end":{"line":66,"column":1}},"line":51}},"branchMap":{"0":{"loc":{"start":{"line":8,"column":4},"end":{"line":10,"column":5}},"type":"if","locations":[{"start":{"line":8,"column":4},"end":{"line":10,"column":5}},{"start":{},"end":{}}],"line":8},"1":{"loc":{"start":{"line":8,"column":8},"end":{"line":8,"column":56}},"type":"binary-expr","locations":[{"start":{"line":8,"column":8},"end":{"line":8,"column":19}},{"start":{"line":8,"column":23},"end":{"line":8,"column":56}}],"line":8},"2":{"loc":{"start":{"line":16,"column":4},"end":{"line":18,"column":5}},"type":"if","locations":[{"start":{"line":16,"column":4},"end":{"line":18,"column":5}},{"start":{},"end":{}}],"line":16},"3":{"loc":{"start":{"line":16,"column":8},"end":{"line":16,"column":32}},"type":"binary-expr","locations":[{"start":{"line":16,"column":8},"end":{"line":16,"column":13}},{"start":{"line":16,"column":17},"end":{"line":16,"column":32}}],"line":16},"4":{"loc":{"start":{"line":23,"column":4},"end":{"line":25,"column":5}},"type":"if","locations":[{"start":{"line":23,"column":4},"end":{"line":25,"column":5}},{"start":{},"end":{}}],"line":23},"5":{"loc":{"start":{"line":26,"column":4},"end":{"line":28,"column":5}},"type":"if","locations":[{"start":{"line":26,"column":4},"end":{"line":28,"column":5}},{"start":{},"end":{}}],"line":26},"6":{"loc":{"start":{"line":36,"column":4},"end":{"line":38,"column":5}},"type":"if","locations":[{"start":{"line":36,"column":4},"end":{"line":38,"column":5}},{"start":{},"end":{}}],"line":36},"7":{"loc":{"start":{"line":39,"column":4},"end":{"line":45,"column":5}},"type":"if","locations":[{"start":{"line":39,"column":4},"end":{"line":45,"column":5}},{"start":{},"end":{}}],"line":39},"8":{"loc":{"start":{"line":54,"column":4},"end":{"line":61,"column":5}},"type":"if","locations":[{"start":{"line":54,"column":4},"end":{"line":61,"column":5}},{"start":{},"end":{}}],"line":54},"9":{"loc":{"start":{"line":54,"column":8},"end":{"line":54,"column":54}},"type":"binary-expr","locations":[{"start":{"line":54,"column":8},"end":{"line":54,"column":18}},{"start":{"line":54,"column":22},"end":{"line":54,"column":54}}],"line":54},"10":{"loc":{"start":{"line":58,"column":6},"end":{"line":60,"column":7}},"type":"if","locations":[{"start":{"line":58,"column":6},"end":{"line":60,"column":7}},{"start":{},"end":{}}],"line":58},"11":{"loc":{"start":{"line":58,"column":10},"end":{"line":58,"column":32}},"type":"binary-expr","locations":[{"start":{"line":58,"column":10},"end":{"line":58,"column":14}},{"start":{"line":58,"column":18},"end":{"line":58,"column":32}}],"line":58}},"s":{"0":1,"1":1,"2":1,"3":0,"4":0,"5":0,"6":0,"7":0,"8":0,"9":0,"10":0,"11":0,"12":0,"13":0,"14":0,"15":0,"16":0,"17":0,"18":0,"19":1,"20":40,"21":0,"22":0,"23":0,"24":0,"25":0,"26":1,"27":0,"28":0,"29":0,"30":0,"31":0,"32":0,"33":0,"34":0,"35":0,"36":0,"37":1},"f":{"0":0,"1":40,"2":0,"3":0},"b":{"0":[0,0],"1":[0,0],"2":[0,0],"3":[0,0],"4":[0,0],"5":[0,0],"6":[0,0],"7":[0,0],"8":[0,0],"9":[0,0],"10":[0,0],"11":[0,0]},"_coverageSchema":"1a1c01bbd47fc00a2c39e90264f33305004495a9","hash":"c281aa191797b6a4b3cf4a3767c55c406c4eb429"},"C:\\Users\\Windows\\Documents\\BTL Công nghệ web và ứng dụng\\backend\\src\\middleware\\audit.js":{"path":"C:\\Users\\Windows\\Documents\\BTL Công nghệ web và ứng dụng\\backend\\src\\middleware\\audit.js","statementMap":{"0":{"start":{"line":1,"column":21},"end":{"line":1,"column":41}},"1":{"start":{"line":3,"column":23},"end":{"line":20,"column":1}},"2":{"start":{"line":4,"column":2},"end":{"line":19,"column":3}},"3":{"start":{"line":5,"column":4},"end":{"line":16,"column":7}},"4":{"start":{"line":18,"column":4},"end":{"line":18,"column":53}},"5":{"start":{"line":23,"column":24},"end":{"line":52,"column":1}},"6":{"start":{"line":24,"column":2},"end":{"line":51,"column":4}},"7":{"start":{"line":26,"column":25},"end":{"line":26,"column":43}},"8":{"start":{"line":28,"column":4},"end":{"line":48,"column":6}},"9":{"start":{"line":30,"column":6},"end":{"line":45,"column":7}},"10":{"start":{"line":31,"column":23},"end":{"line":31,"column":52}},"11":{"start":{"line":32,"column":25},"end":{"line":32,"column":65}},"12":{"start":{"line":34,"column":8},"end":{"line":44,"column":11}},"13":{"start":{"line":47,"column":6},"end":{"line":47,"column":32}},"14":{"start":{"line":50,"column":4},"end":{"line":50,"column":11}},"15":{"start":{"line":54,"column":0},"end":{"line":54,"column":53}}},"fnMap":{"0":{"name":"(anonymous_0)","decl":{"start":{"line":3,"column":23},"end":{"line":3,"column":24}},"loc":{"start":{"line":3,"column":121},"end":{"line":20,"column":1}},"line":3},"1":{"name":"(anonymous_1)","decl":{"start":{"line":23,"column":24},"end":{"line":23,"column":25}},"loc":{"start":{"line":23,"column":44},"end":{"line":52,"column":1}},"line":23},"2":{"name":"(anonymous_2)","decl":{"start":{"line":24,"column":9},"end":{"line":24,"column":10}},"loc":{"start":{"line":24,"column":29},"end":{"line":51,"column":3}},"line":24},"3":{"name":"(anonymous_3)","decl":{"start":{"line":28,"column":15},"end":{"line":28,"column":16}},"loc":{"start":{"line":28,"column":31},"end":{"line":48,"column":5}},"line":28}},"branchMap":{"0":{"loc":{"start":{"line":13,"column":18},"end":{"line":13,"column":72}},"type":"cond-expr","locations":[{"start":{"line":13,"column":25},"end":{"line":13,"column":64}},{"start":{"line":13,"column":68},"end":{"line":13,"column":72}}],"line":13},"1":{"loc":{"start":{"line":13,"column":25},"end":{"line":13,"column":64}},"type":"binary-expr","locations":[{"start":{"line":13,"column":25},"end":{"line":13,"column":31}},{"start":{"line":13,"column":35},"end":{"line":13,"column":64}}],"line":13},"2":{"loc":{"start":{"line":14,"column":18},"end":{"line":14,"column":52}},"type":"cond-expr","locations":[{"start":{"line":14,"column":24},"end":{"line":14,"column":45}},{"start":{"line":14,"column":48},"end":{"line":14,"column":52}}],"line":14},"3":{"loc":{"start":{"line":30,"column":6},"end":{"line":45,"column":7}},"type":"if","locations":[{"start":{"line":30,"column":6},"end":{"line":45,"column":7}},{"start":{},"end":{}}],"line":30},"4":{"loc":{"start":{"line":30,"column":10},"end":{"line":30,"column":55}},"type":"binary-expr","locations":[{"start":{"line":30,"column":10},"end":{"line":30,"column":31}},{"start":{"line":30,"column":35},"end":{"line":30,"column":55}}],"line":30},"5":{"loc":{"start":{"line":31,"column":23},"end":{"line":31,"column":52}},"type":"cond-expr","locations":[{"start":{"line":31,"column":34},"end":{"line":31,"column":45}},{"start":{"line":31,"column":48},"end":{"line":31,"column":52}}],"line":31},"6":{"loc":{"start":{"line":32,"column":25},"end":{"line":32,"column":65}},"type":"cond-expr","locations":[{"start":{"line":32,"column":36},"end":{"line":32,"column":54}},{"start":{"line":32,"column":57},"end":{"line":32,"column":65}}],"line":32},"7":{"loc":{"start":{"line":39,"column":20},"end":{"line":39,"column":52}},"type":"binary-expr","locations":[{"start":{"line":39,"column":20},"end":{"line":39,"column":34}},{"start":{"line":39,"column":38},"end":{"line":39,"column":52}}],"line":39},"8":{"loc":{"start":{"line":40,"column":21},"end":{"line":40,"column":48}},"type":"binary-expr","locations":[{"start":{"line":40,"column":21},"end":{"line":40,"column":40}},{"start":{"line":40,"column":44},"end":{"line":40,"column":48}}],"line":40},"9":{"loc":{"start":{"line":41,"column":21},"end":{"line":41,"column":37}},"type":"binary-expr","locations":[{"start":{"line":41,"column":21},"end":{"line":41,"column":29}},{"start":{"line":41,"column":33},"end":{"line":41,"column":37}}],"line":41}},"s":{"0":1,"1":1,"2":0,"3":0,"4":0,"5":1,"6":0,"7":0,"8":0,"9":0,"10":0,"11":0,"12":0,"13":0,"14":0,"15":1},"f":{"0":0,"1":0,"2":0,"3":0},"b":{"0":[0,0],"1":[0,0],"2":[0,0],"3":[0,0],"4":[0,0],"5":[0,0],"6":[0,0],"7":[0,0],"8":[0,0],"9":[0,0]},"_coverageSchema":"1a1c01bbd47fc00a2c39e90264f33305004495a9","hash":"a3cd6dbcbf124c48b2224328bd5c9e7a0955b836"},"C:\\Users\\Windows\\Documents\\BTL Công nghệ web và ứng dụng\\backend\\src\\controllers\\authController.js":{"path":"C:\\Users\\Windows\\Documents\\BTL Công nghệ web và ứng dụng\\backend\\src\\controllers\\authController.js","statementMap":{"0":{"start":{"line":1,"column":12},"end":{"line":1,"column":35}},"1":{"start":{"line":2,"column":15},"end":{"line":2,"column":32}},"2":{"start":{"line":3,"column":17},"end":{"line":3,"column":37}},"3":{"start":{"line":4,"column":27},"end":{"line":4,"column":57}},"4":{"start":{"line":6,"column":22},"end":{"line":12,"column":1}},"5":{"start":{"line":7,"column":2},"end":{"line":11,"column":4}},"6":{"start":{"line":14,"column":29},"end":{"line":20,"column":1}},"7":{"start":{"line":15,"column":2},"end":{"line":19,"column":4}},"8":{"start":{"line":23,"column":0},"end":{"line":65,"column":2}},"9":{"start":{"line":24,"column":2},"end":{"line":64,"column":3}},"10":{"start":{"line":25,"column":95},"end":{"line":25,"column":103}},"11":{"start":{"line":28,"column":24},"end":{"line":28,"column":82}},"12":{"start":{"line":30,"column":17},"end":{"line":39,"column":6}},"13":{"start":{"line":41,"column":18},"end":{"line":41,"column":37}},"14":{"start":{"line":42,"column":25},"end":{"line":42,"column":51}},"15":{"start":{"line":44,"column":4},"end":{"line":52,"column":7}},"16":{"start":{"line":54,"column":4},"end":{"line":61,"column":7}},"17":{"start":{"line":63,"column":4},"end":{"line":63,"column":16}},"18":{"start":{"line":68,"column":0},"end":{"line":117,"column":2}},"19":{"start":{"line":69,"column":2},"end":{"line":116,"column":3}},"20":{"start":{"line":70,"column":32},"end":{"line":70,"column":40}},"21":{"start":{"line":72,"column":4},"end":{"line":74,"column":5}},"22":{"start":{"line":73,"column":6},"end":{"line":73,"column":80}},"23":{"start":{"line":76,"column":17},"end":{"line":76,"column":57}},"24":{"start":{"line":77,"column":4},"end":{"line":79,"column":5}},"25":{"start":{"line":78,"column":6},"end":{"line":78,"column":79}},"26":{"start":{"line":81,"column":4},"end":{"line":83,"column":5}},"27":{"start":{"line":82,"column":6},"end":{"line":82,"column":76}},"28":{"start":{"line":85,"column":20},"end":{"line":85,"column":56}},"29":{"start":{"line":86,"column":4},"end":{"line":88,"column":5}},"30":{"start":{"line":87,"column":6},"end":{"line":87,"column":79}},"31":{"start":{"line":91,"column":4},"end":{"line":91,"column":33}},"32":{"start":{"line":92,"column":4},"end":{"line":92,"column":38}},"33":{"start":{"line":94,"column":18},"end":{"line":94,"column":37}},"34":{"start":{"line":95,"column":25},"end":{"line":95,"column":51}},"35":{"start":{"line":97,"column":4},"end":{"line":104,"column":7}},"36":{"start":{"line":106,"column":4},"end":{"line":113,"column":7}},"37":{"start":{"line":115,"column":4},"end":{"line":115,"column":16}},"38":{"start":{"line":120,"column":0},"end":{"line":128,"column":2}},"39":{"start":{"line":121,"column":2},"end":{"line":127,"column":3}},"40":{"start":{"line":122,"column":4},"end":{"line":124,"column":7}},"41":{"start":{"line":126,"column":4},"end":{"line":126,"column":16}},"42":{"start":{"line":131,"column":0},"end":{"line":149,"column":2}},"43":{"start":{"line":132,"column":2},"end":{"line":148,"column":3}},"44":{"start":{"line":133,"column":41},"end":{"line":133,"column":49}},"45":{"start":{"line":134,"column":17},"end":{"line":134,"column":25}},"46":{"start":{"line":136,"column":4},"end":{"line":136,"column":46}},"47":{"start":{"line":136,"column":19},"end":{"line":136,"column":46}},"48":{"start":{"line":137,"column":4},"end":{"line":137,"column":34}},"49":{"start":{"line":137,"column":15},"end":{"line":137,"column":34}},"50":{"start":{"line":138,"column":4},"end":{"line":138,"column":37}},"51":{"start":{"line":138,"column":16},"end":{"line":138,"column":37}},"52":{"start":{"line":140,"column":4},"end":{"line":140,"column":22}},"53":{"start":{"line":142,"column":4},"end":{"line":145,"column":7}},"54":{"start":{"line":147,"column":4},"end":{"line":147,"column":16}},"55":{"start":{"line":152,"column":0},"end":{"line":183,"column":2}},"56":{"start":{"line":153,"column":2},"end":{"line":182,"column":3}},"57":{"start":{"line":154,"column":45},"end":{"line":154,"column":53}},"58":{"start":{"line":156,"column":4},"end":{"line":158,"column":5}},"59":{"start":{"line":157,"column":6},"end":{"line":157,"column":96}},"60":{"start":{"line":160,"column":17},"end":{"line":160,"column":49}},"61":{"start":{"line":161,"column":20},"end":{"line":161,"column":63}},"62":{"start":{"line":163,"column":4},"end":{"line":165,"column":5}},"63":{"start":{"line":164,"column":6},"end":{"line":164,"column":77}},"64":{"start":{"line":167,"column":4},"end":{"line":167,"column":32}},"65":{"start":{"line":168,"column":4},"end":{"line":168,"column":22}},"66":{"start":{"line":170,"column":4},"end":{"line":177,"column":7}},"67":{"start":{"line":179,"column":4},"end":{"line":179,"column":53}},"68":{"start":{"line":181,"column":4},"end":{"line":181,"column":16}},"69":{"start":{"line":186,"column":0},"end":{"line":211,"column":2}},"70":{"start":{"line":187,"column":2},"end":{"line":210,"column":3}},"71":{"start":{"line":188,"column":22},"end":{"line":188,"column":30}},"72":{"start":{"line":189,"column":17},"end":{"line":189,"column":57}},"73":{"start":{"line":191,"column":4},"end":{"line":193,"column":5}},"74":{"start":{"line":192,"column":6},"end":{"line":192,"column":87}},"75":{"start":{"line":196,"column":23},"end":{"line":196,"column":61}},"76":{"start":{"line":197,"column":4},"end":{"line":197,"column":93}},"77":{"start":{"line":198,"column":4},"end":{"line":198,"column":72}},"78":{"start":{"line":199,"column":4},"end":{"line":199,"column":38}},"79":{"start":{"line":202,"column":21},"end":{"line":202,"column":79}},"80":{"start":{"line":204,"column":4},"end":{"line":207,"column":7}},"81":{"start":{"line":209,"column":4},"end":{"line":209,"column":16}},"82":{"start":{"line":214,"column":0},"end":{"line":248,"column":2}},"83":{"start":{"line":215,"column":2},"end":{"line":247,"column":3}},"84":{"start":{"line":216,"column":22},"end":{"line":216,"column":32}},"85":{"start":{"line":217,"column":25},"end":{"line":217,"column":33}},"86":{"start":{"line":219,"column":24},"end":{"line":219,"column":79}},"87":{"start":{"line":220,"column":17},"end":{"line":224,"column":6}},"88":{"start":{"line":226,"column":4},"end":{"line":228,"column":5}},"89":{"start":{"line":227,"column":6},"end":{"line":227,"column":83}},"90":{"start":{"line":230,"column":4},"end":{"line":230,"column":29}},"91":{"start":{"line":231,"column":4},"end":{"line":231,"column":37}},"92":{"start":{"line":232,"column":4},"end":{"line":232,"column":39}},"93":{"start":{"line":233,"column":4},"end":{"line":233,"column":22}},"94":{"start":{"line":235,"column":4},"end":{"line":242,"column":7}},"95":{"start":{"line":244,"column":4},"end":{"line":244,"column":57}},"96":{"start":{"line":246,"column":4},"end":{"line":246,"column":16}},"97":{"start":{"line":251,"column":0},"end":{"line":277,"column":2}},"98":{"start":{"line":252,"column":2},"end":{"line":276,"column":3}},"99":{"start":{"line":253,"column":29},"end":{"line":253,"column":37}},"100":{"start":{"line":254,"column":4},"end":{"line":256,"column":5}},"101":{"start":{"line":255,"column":6},"end":{"line":255,"column":74}},"102":{"start":{"line":258,"column":20},"end":{"line":258,"column":76}},"103":{"start":{"line":259,"column":17},"end":{"line":259,"column":48}},"104":{"start":{"line":261,"column":4},"end":{"line":263,"column":5}},"105":{"start":{"line":262,"column":6},"end":{"line":262,"column":70}},"106":{"start":{"line":265,"column":21},"end":{"line":265,"column":40}},"107":{"start":{"line":266,"column":28},"end":{"line":266,"column":54}},"108":{"start":{"line":268,"column":4},"end":{"line":273,"column":7}},"109":{"start":{"line":275,"column":4},"end":{"line":275,"column":68}}},"fnMap":{"0":{"name":"(anonymous_0)","decl":{"start":{"line":6,"column":22},"end":{"line":6,"column":23}},"loc":{"start":{"line":6,"column":32},"end":{"line":12,"column":1}},"line":6},"1":{"name":"(anonymous_1)","decl":{"start":{"line":14,"column":29},"end":{"line":14,"column":30}},"loc":{"start":{"line":14,"column":39},"end":{"line":20,"column":1}},"line":14},"2":{"name":"(anonymous_2)","decl":{"start":{"line":23,"column":19},"end":{"line":23,"column":20}},"loc":{"start":{"line":23,"column":45},"end":{"line":65,"column":1}},"line":23},"3":{"name":"(anonymous_3)","decl":{"start":{"line":68,"column":16},"end":{"line":68,"column":17}},"loc":{"start":{"line":68,"column":42},"end":{"line":117,"column":1}},"line":68},"4":{"name":"(anonymous_4)","decl":{"start":{"line":120,"column":21},"end":{"line":120,"column":22}},"loc":{"start":{"line":120,"column":47},"end":{"line":128,"column":1}},"line":120},"5":{"name":"(anonymous_5)","decl":{"start":{"line":131,"column":24},"end":{"line":131,"column":25}},"loc":{"start":{"line":131,"column":50},"end":{"line":149,"column":1}},"line":131},"6":{"name":"(anonymous_6)","decl":{"start":{"line":152,"column":25},"end":{"line":152,"column":26}},"loc":{"start":{"line":152,"column":51},"end":{"line":183,"column":1}},"line":152},"7":{"name":"(anonymous_7)","decl":{"start":{"line":186,"column":25},"end":{"line":186,"column":26}},"loc":{"start":{"line":186,"column":51},"end":{"line":211,"column":1}},"line":186},"8":{"name":"(anonymous_8)","decl":{"start":{"line":214,"column":24},"end":{"line":214,"column":25}},"loc":{"start":{"line":214,"column":50},"end":{"line":248,"column":1}},"line":214},"9":{"name":"(anonymous_9)","decl":{"start":{"line":251,"column":23},"end":{"line":251,"column":24}},"loc":{"start":{"line":251,"column":49},"end":{"line":277,"column":1}},"line":251}},"branchMap":{"0":{"loc":{"start":{"line":10,"column":17},"end":{"line":10,"column":52}},"type":"binary-expr","locations":[{"start":{"line":10,"column":17},"end":{"line":10,"column":43}},{"start":{"line":10,"column":47},"end":{"line":10,"column":52}}],"line":10},"1":{"loc":{"start":{"line":18,"column":17},"end":{"line":18,"column":59}},"type":"binary-expr","locations":[{"start":{"line":18,"column":17},"end":{"line":18,"column":51}},{"start":{"line":18,"column":55},"end":{"line":18,"column":59}}],"line":18},"2":{"loc":{"start":{"line":28,"column":24},"end":{"line":28,"column":82}},"type":"cond-expr","locations":[{"start":{"line":28,"column":66},"end":{"line":28,"column":70}},{"start":{"line":28,"column":73},"end":{"line":28,"column":82}}],"line":28},"3":{"loc":{"start":{"line":28,"column":25},"end":{"line":28,"column":62}},"type":"binary-expr","locations":[{"start":{"line":28,"column":25},"end":{"line":28,"column":33}},{"start":{"line":28,"column":37},"end":{"line":28,"column":62}}],"line":28},"4":{"loc":{"start":{"line":36,"column":12},"end":{"line":36,"column":36}},"type":"binary-expr","locations":[{"start":{"line":36,"column":12},"end":{"line":36,"column":23}},{"start":{"line":36,"column":27},"end":{"line":36,"column":36}}],"line":36},"5":{"loc":{"start":{"line":72,"column":4},"end":{"line":74,"column":5}},"type":"if","locations":[{"start":{"line":72,"column":4},"end":{"line":74,"column":5}},{"start":{},"end":{}}],"line":72},"6":{"loc":{"start":{"line":72,"column":8},"end":{"line":72,"column":27}},"type":"binary-expr","locations":[{"start":{"line":72,"column":8},"end":{"line":72,"column":14}},{"start":{"line":72,"column":18},"end":{"line":72,"column":27}}],"line":72},"7":{"loc":{"start":{"line":77,"column":4},"end":{"line":79,"column":5}},"type":"if","locations":[{"start":{"line":77,"column":4},"end":{"line":79,"column":5}},{"start":{},"end":{}}],"line":77},"8":{"loc":{"start":{"line":81,"column":4},"end":{"line":83,"column":5}},"type":"if","locations":[{"start":{"line":81,"column":4},"end":{"line":83,"column":5}},{"start":{},"end":{}}],"line":81},"9":{"loc":{"start":{"line":86,"column":4},"end":{"line":88,"column":5}},"type":"if","locations":[{"start":{"line":86,"column":4},"end":{"line":88,"column":5}},{"start":{},"end":{}}],"line":86},"10":{"loc":{"start":{"line":136,"column":4},"end":{"line":136,"column":46}},"type":"if","locations":[{"start":{"line":136,"column":4},"end":{"line":136,"column":46}},{"start":{},"end":{}}],"line":136},"11":{"loc":{"start":{"line":137,"column":4},"end":{"line":137,"column":34}},"type":"if","locations":[{"start":{"line":137,"column":4},"end":{"line":137,"column":34}},{"start":{},"end":{}}],"line":137},"12":{"loc":{"start":{"line":138,"column":4},"end":{"line":138,"column":37}},"type":"if","locations":[{"start":{"line":138,"column":4},"end":{"line":138,"column":37}},{"start":{},"end":{}}],"line":138},"13":{"loc":{"start":{"line":156,"column":4},"end":{"line":158,"column":5}},"type":"if","locations":[{"start":{"line":156,"column":4},"end":{"line":158,"column":5}},{"start":{},"end":{}}],"line":156},"14":{"loc":{"start":{"line":156,"column":8},"end":{"line":156,"column":40}},"type":"binary-expr","locations":[{"start":{"line":156,"column":8},"end":{"line":156,"column":24}},{"start":{"line":156,"column":28},"end":{"line":156,"column":40}}],"line":156},"15":{"loc":{"start":{"line":163,"column":4},"end":{"line":165,"column":5}},"type":"if","locations":[{"start":{"line":163,"column":4},"end":{"line":165,"column":5}},{"start":{},"end":{}}],"line":163},"16":{"loc":{"start":{"line":191,"column":4},"end":{"line":193,"column":5}},"type":"if","locations":[{"start":{"line":191,"column":4},"end":{"line":193,"column":5}},{"start":{},"end":{}}],"line":191},"17":{"loc":{"start":{"line":206,"column":12},"end":{"line":206,"column":89}},"type":"cond-expr","locations":[{"start":{"line":206,"column":53},"end":{"line":206,"column":77}},{"start":{"line":206,"column":80},"end":{"line":206,"column":89}}],"line":206},"18":{"loc":{"start":{"line":226,"column":4},"end":{"line":228,"column":5}},"type":"if","locations":[{"start":{"line":226,"column":4},"end":{"line":228,"column":5}},{"start":{},"end":{}}],"line":226},"19":{"loc":{"start":{"line":226,"column":8},"end":{"line":226,"column":89}},"type":"binary-expr","locations":[{"start":{"line":226,"column":8},"end":{"line":226,"column":13}},{"start":{"line":226,"column":17},"end":{"line":226,"column":45}},{"start":{"line":226,"column":49},"end":{"line":226,"column":89}}],"line":226},"20":{"loc":{"start":{"line":254,"column":4},"end":{"line":256,"column":5}},"type":"if","locations":[{"start":{"line":254,"column":4},"end":{"line":256,"column":5}},{"start":{},"end":{}}],"line":254},"21":{"loc":{"start":{"line":261,"column":4},"end":{"line":263,"column":5}},"type":"if","locations":[{"start":{"line":261,"column":4},"end":{"line":263,"column":5}},{"start":{},"end":{}}],"line":261},"22":{"loc":{"start":{"line":261,"column":8},"end":{"line":261,"column":32}},"type":"binary-expr","locations":[{"start":{"line":261,"column":8},"end":{"line":261,"column":13}},{"start":{"line":261,"column":17},"end":{"line":261,"column":32}}],"line":261}},"s":{"0":1,"1":1,"2":1,"3":1,"4":1,"5":0,"6":1,"7":0,"8":1,"9":0,"10":0,"11":0,"12":0,"13":0,"14":0,"15":0,"16":0,"17":0,"18":1,"19":0,"20":0,"21":0,"22":0,"23":0,"24":0,"25":0,"26":0,"27":0,"28":0,"29":0,"30":0,"31":0,"32":0,"33":0,"34":0,"35":0,"36":0,"37":0,"38":1,"39":0,"40":0,"41":0,"42":1,"43":0,"44":0,"45":0,"46":0,"47":0,"48":0,"49":0,"50":0,"51":0,"52":0,"53":0,"54":0,"55":1,"56":0,"57":0,"58":0,"59":0,"60":0,"61":0,"62":0,"63":0,"64":0,"65":0,"66":0,"67":0,"68":0,"69":1,"70":0,"71":0,"72":0,"73":0,"74":0,"75":0,"76":0,"77":0,"78":0,"79":0,"80":0,"81":0,"82":1,"83":0,"84":0,"85":0,"86":0,"87":0,"88":0,"89":0,"90":0,"91":0,"92":0,"93":0,"94":0,"95":0,"96":0,"97":1,"98":0,"99":0,"100":0,"101":0,"102":0,"103":0,"104":0,"105":0,"106":0,"107":0,"108":0,"109":0},"f":{"0":0,"1":0,"2":0,"3":0,"4":0,"5":0,"6":0,"7":0,"8":0,"9":0},"b":{"0":[0,0],"1":[0,0],"2":[0,0],"3":[0,0],"4":[0,0],"5":[0,0],"6":[0,0],"7":[0,0],"8":[0,0],"9":[0,0],"10":[0,0],"11":[0,0],"12":[0,0],"13":[0,0],"14":[0,0],"15":[0,0],"16":[0,0],"17":[0,0],"18":[0,0],"19":[0,0,0],"20":[0,0],"21":[0,0],"22":[0,0]},"_coverageSchema":"1a1c01bbd47fc00a2c39e90264f33305004495a9","hash":"b1587fcf06855fbe02f2dc766e1a604dd4d543fd"},"C:\\Users\\Windows\\Documents\\BTL Công nghệ web và ứng dụng\\backend\\src\\controllers\\userController.js":{"path":"C:\\Users\\Windows\\Documents\\BTL Công nghệ web và ứng dụng\\backend\\src\\controllers\\userController.js","statementMap":{"0":{"start":{"line":1,"column":17},"end":{"line":1,"column":37}},"1":{"start":{"line":2,"column":75},"end":{"line":2,"column":102}},"2":{"start":{"line":3,"column":27},"end":{"line":3,"column":57}},"3":{"start":{"line":6,"column":0},"end":{"line":19,"column":2}},"4":{"start":{"line":7,"column":2},"end":{"line":18,"column":3}},"5":{"start":{"line":8,"column":36},"end":{"line":8,"column":60}},"6":{"start":{"line":9,"column":18},"end":{"line":9,"column":120}},"7":{"start":{"line":10,"column":18},"end":{"line":10,"column":39}},"8":{"start":{"line":12,"column":17},"end":{"line":12,"column":76}},"9":{"start":{"line":13,"column":19},"end":{"line":13,"column":55}},"10":{"start":{"line":15,"column":4},"end":{"line":15,"column":68}},"11":{"start":{"line":17,"column":4},"end":{"line":17,"column":16}},"12":{"start":{"line":22,"column":0},"end":{"line":32,"column":2}},"13":{"start":{"line":23,"column":2},"end":{"line":31,"column":3}},"14":{"start":{"line":24,"column":17},"end":{"line":24,"column":51}},"15":{"start":{"line":25,"column":4},"end":{"line":27,"column":5}},"16":{"start":{"line":26,"column":6},"end":{"line":26,"column":74}},"17":{"start":{"line":28,"column":4},"end":{"line":28,"column":29}},"18":{"start":{"line":30,"column":4},"end":{"line":30,"column":16}},"19":{"start":{"line":35,"column":0},"end":{"line":50,"column":2}},"20":{"start":{"line":36,"column":2},"end":{"line":49,"column":3}},"21":{"start":{"line":37,"column":95},"end":{"line":37,"column":103}},"22":{"start":{"line":38,"column":17},"end":{"line":38,"column":118}},"23":{"start":{"line":40,"column":4},"end":{"line":44,"column":7}},"24":{"start":{"line":46,"column":4},"end":{"line":46,"column":79}},"25":{"start":{"line":48,"column":4},"end":{"line":48,"column":16}},"26":{"start":{"line":53,"column":0},"end":{"line":82,"column":2}},"27":{"start":{"line":54,"column":2},"end":{"line":81,"column":3}},"28":{"start":{"line":55,"column":17},"end":{"line":55,"column":51}},"29":{"start":{"line":56,"column":4},"end":{"line":58,"column":5}},"30":{"start":{"line":57,"column":6},"end":{"line":57,"column":74}},"31":{"start":{"line":60,"column":22},"end":{"line":60,"column":35}},"32":{"start":{"line":61,"column":79},"end":{"line":61,"column":87}},"33":{"start":{"line":63,"column":4},"end":{"line":63,"column":46}},"34":{"start":{"line":63,"column":19},"end":{"line":63,"column":46}},"35":{"start":{"line":64,"column":4},"end":{"line":64,"column":48}},"36":{"start":{"line":64,"column":29},"end":{"line":64,"column":48}},"37":{"start":{"line":65,"column":4},"end":{"line":65,"column":31}},"38":{"start":{"line":65,"column":14},"end":{"line":65,"column":31}},"39":{"start":{"line":66,"column":4},"end":{"line":66,"column":60}},"40":{"start":{"line":66,"column":33},"end":{"line":66,"column":60}},"41":{"start":{"line":67,"column":4},"end":{"line":67,"column":69}},"42":{"start":{"line":67,"column":36},"end":{"line":67,"column":69}},"43":{"start":{"line":68,"column":4},"end":{"line":68,"column":72}},"44":{"start":{"line":68,"column":37},"end":{"line":68,"column":72}},"45":{"start":{"line":70,"column":4},"end":{"line":70,"column":22}},"46":{"start":{"line":72,"column":4},"end":{"line":76,"column":7}},"47":{"start":{"line":78,"column":4},"end":{"line":78,"column":72}},"48":{"start":{"line":80,"column":4},"end":{"line":80,"column":16}},"49":{"start":{"line":85,"column":0},"end":{"line":104,"column":2}},"50":{"start":{"line":86,"column":2},"end":{"line":103,"column":3}},"51":{"start":{"line":87,"column":17},"end":{"line":87,"column":51}},"52":{"start":{"line":88,"column":4},"end":{"line":90,"column":5}},"53":{"start":{"line":89,"column":6},"end":{"line":89,"column":74}},"54":{"start":{"line":92,"column":4},"end":{"line":92,"column":25}},"55":{"start":{"line":94,"column":4},"end":{"line":98,"column":7}},"56":{"start":{"line":100,"column":4},"end":{"line":100,"column":55}},"57":{"start":{"line":102,"column":4},"end":{"line":102,"column":16}},"58":{"start":{"line":107,"column":0},"end":{"line":120,"column":2}},"59":{"start":{"line":108,"column":2},"end":{"line":119,"column":3}},"60":{"start":{"line":109,"column":17},"end":{"line":109,"column":72}},"61":{"start":{"line":110,"column":4},"end":{"line":112,"column":5}},"62":{"start":{"line":111,"column":6},"end":{"line":111,"column":74}},"63":{"start":{"line":114,"column":4},"end":{"line":114,"column":25}},"64":{"start":{"line":116,"column":4},"end":{"line":116,"column":73}},"65":{"start":{"line":118,"column":4},"end":{"line":118,"column":16}}},"fnMap":{"0":{"name":"(anonymous_0)","decl":{"start":{"line":6,"column":17},"end":{"line":6,"column":18}},"loc":{"start":{"line":6,"column":43},"end":{"line":19,"column":1}},"line":6},"1":{"name":"(anonymous_1)","decl":{"start":{"line":22,"column":18},"end":{"line":22,"column":19}},"loc":{"start":{"line":22,"column":44},"end":{"line":32,"column":1}},"line":22},"2":{"name":"(anonymous_2)","decl":{"start":{"line":35,"column":17},"end":{"line":35,"column":18}},"loc":{"start":{"line":35,"column":43},"end":{"line":50,"column":1}},"line":35},"3":{"name":"(anonymous_3)","decl":{"start":{"line":53,"column":17},"end":{"line":53,"column":18}},"loc":{"start":{"line":53,"column":43},"end":{"line":82,"column":1}},"line":53},"4":{"name":"(anonymous_4)","decl":{"start":{"line":85,"column":17},"end":{"line":85,"column":18}},"loc":{"start":{"line":85,"column":43},"end":{"line":104,"column":1}},"line":85},"5":{"name":"(anonymous_5)","decl":{"start":{"line":107,"column":18},"end":{"line":107,"column":19}},"loc":{"start":{"line":107,"column":44},"end":{"line":120,"column":1}},"line":107}},"branchMap":{"0":{"loc":{"start":{"line":25,"column":4},"end":{"line":27,"column":5}},"type":"if","locations":[{"start":{"line":25,"column":4},"end":{"line":27,"column":5}},{"start":{},"end":{}}],"line":25},"1":{"loc":{"start":{"line":56,"column":4},"end":{"line":58,"column":5}},"type":"if","locations":[{"start":{"line":56,"column":4},"end":{"line":58,"column":5}},{"start":{},"end":{}}],"line":56},"2":{"loc":{"start":{"line":63,"column":4},"end":{"line":63,"column":46}},"type":"if","locations":[{"start":{"line":63,"column":4},"end":{"line":63,"column":46}},{"start":{},"end":{}}],"line":63},"3":{"loc":{"start":{"line":64,"column":4},"end":{"line":64,"column":48}},"type":"if","locations":[{"start":{"line":64,"column":4},"end":{"line":64,"column":48}},{"start":{},"end":{}}],"line":64},"4":{"loc":{"start":{"line":65,"column":4},"end":{"line":65,"column":31}},"type":"if","locations":[{"start":{"line":65,"column":4},"end":{"line":65,"column":31}},{"start":{},"end":{}}],"line":65},"5":{"loc":{"start":{"line":66,"column":4},"end":{"line":66,"column":60}},"type":"if","locations":[{"start":{"line":66,"column":4},"end":{"line":66,"column":60}},{"start":{},"end":{}}],"line":66},"6":{"loc":{"start":{"line":67,"column":4},"end":{"line":67,"column":69}},"type":"if","locations":[{"start":{"line":67,"column":4},"end":{"line":67,"column":69}},{"start":{},"end":{}}],"line":67},"7":{"loc":{"start":{"line":68,"column":4},"end":{"line":68,"column":72}},"type":"if","locations":[{"start":{"line":68,"column":4},"end":{"line":68,"column":72}},{"start":{},"end":{}}],"line":68},"8":{"loc":{"start":{"line":88,"column":4},"end":{"line":90,"column":5}},"type":"if","locations":[{"start":{"line":88,"column":4},"end":{"line":90,"column":5}},{"start":{},"end":{}}],"line":88},"9":{"loc":{"start":{"line":110,"column":4},"end":{"line":112,"column":5}},"type":"if","locations":[{"start":{"line":110,"column":4},"end":{"line":112,"column":5}},{"start":{},"end":{}}],"line":110}},"s":{"0":1,"1":1,"2":1,"3":1,"4":0,"5":0,"6":0,"7":0,"8":0,"9":0,"10":0,"11":0,"12":1,"13":0,"14":0,"15":0,"16":0,"17":0,"18":0,"19":1,"20":0,"21":0,"22":0,"23":0,"24":0,"25":0,"26":1,"27":0,"28":0,"29":0,"30":0,"31":0,"32":0,"33":0,"34":0,"35":0,"36":0,"37":0,"38":0,"39":0,"40":0,"41":0,"42":0,"43":0,"44":0,"45":0,"46":0,"47":0,"48":0,"49":1,"50":0,"51":0,"52":0,"53":0,"54":0,"55":0,"56":0,"57":0,"58":1,"59":0,"60":0,"61":0,"62":0,"63":0,"64":0,"65":0},"f":{"0":0,"1":0,"2":0,"3":0,"4":0,"5":0},"b":{"0":[0,0],"1":[0,0],"2":[0,0],"3":[0,0],"4":[0,0],"5":[0,0],"6":[0,0],"7":[0,0],"8":[0,0],"9":[0,0]},"_coverageSchema":"1a1c01bbd47fc00a2c39e90264f33305004495a9","hash":"032e26af691a562b99f962eb9ba974453baf9767"},"C:\\Users\\Windows\\Documents\\BTL Công nghệ web và ứng dụng\\backend\\src\\utils\\helpers.js":{"path":"C:\\Users\\Windows\\Documents\\BTL Công nghệ web và ứng dụng\\backend\\src\\utils\\helpers.js","statementMap":{"0":{"start":{"line":1,"column":15},"end":{"line":1,"column":35}},"1":{"start":{"line":4,"column":22},"end":{"line":9,"column":1}},"2":{"start":{"line":5,"column":15},"end":{"line":5,"column":40}},"3":{"start":{"line":6,"column":16},"end":{"line":6,"column":58}},"4":{"start":{"line":7,"column":17},"end":{"line":7,"column":35}},"5":{"start":{"line":8,"column":2},"end":{"line":8,"column":33}},"6":{"start":{"line":12,"column":26},"end":{"line":26,"column":1}},"7":{"start":{"line":13,"column":45},"end":{"line":13,"column":49}},"8":{"start":{"line":14,"column":21},"end":{"line":14,"column":50}},"9":{"start":{"line":15,"column":2},"end":{"line":25,"column":4}},"10":{"start":{"line":29,"column":25},"end":{"line":47,"column":1}},"11":{"start":{"line":30,"column":16},"end":{"line":30,"column":18}},"12":{"start":{"line":33,"column":2},"end":{"line":37,"column":3}},"13":{"start":{"line":34,"column":4},"end":{"line":36,"column":8}},"14":{"start":{"line":34,"column":46},"end":{"line":36,"column":5}},"15":{"start":{"line":40,"column":2},"end":{"line":44,"column":5}},"16":{"start":{"line":41,"column":4},"end":{"line":43,"column":5}},"17":{"start":{"line":42,"column":6},"end":{"line":42,"column":34}},"18":{"start":{"line":46,"column":2},"end":{"line":46,"column":15}},"19":{"start":{"line":50,"column":19},"end":{"line":54,"column":1}},"20":{"start":{"line":51,"column":17},"end":{"line":51,"column":44}},"21":{"start":{"line":52,"column":18},"end":{"line":52,"column":61}},"22":{"start":{"line":53,"column":2},"end":{"line":53,"column":56}},"23":{"start":{"line":57,"column":29},"end":{"line":68,"column":1}},"24":{"start":{"line":58,"column":2},"end":{"line":58,"column":57}},"25":{"start":{"line":58,"column":45},"end":{"line":58,"column":57}},"26":{"start":{"line":59,"column":2},"end":{"line":59,"column":32}},"27":{"start":{"line":59,"column":20},"end":{"line":59,"column":32}},"28":{"start":{"line":60,"column":2},"end":{"line":60,"column":31}},"29":{"start":{"line":60,"column":20},"end":{"line":60,"column":31}},"30":{"start":{"line":61,"column":2},"end":{"line":61,"column":32}},"31":{"start":{"line":61,"column":20},"end":{"line":61,"column":32}},"32":{"start":{"line":62,"column":2},"end":{"line":62,"column":31}},"33":{"start":{"line":62,"column":20},"end":{"line":62,"column":31}},"34":{"start":{"line":63,"column":2},"end":{"line":63,"column":32}},"35":{"start":{"line":63,"column":20},"end":{"line":63,"column":32}},"36":{"start":{"line":64,"column":2},"end":{"line":64,"column":31}},"37":{"start":{"line":64,"column":20},"end":{"line":64,"column":31}},"38":{"start":{"line":65,"column":2},"end":{"line":65,"column":32}},"39":{"start":{"line":65,"column":20},"end":{"line":65,"column":32}},"40":{"start":{"line":66,"column":2},"end":{"line":66,"column":31}},"41":{"start":{"line":66,"column":20},"end":{"line":66,"column":31}},"42":{"start":{"line":67,"column":2},"end":{"line":67,"column":13}},"43":{"start":{"line":71,"column":28},"end":{"line":85,"column":1}},"44":{"start":{"line":72,"column":20},"end":{"line":72,"column":21}},"45":{"start":{"line":73,"column":20},"end":{"line":73,"column":21}},"46":{"start":{"line":75,"column":2},"end":{"line":81,"column":3}},"47":{"start":{"line":76,"column":19},"end":{"line":76,"column":64}},"48":{"start":{"line":77,"column":4},"end":{"line":80,"column":5}},"49":{"start":{"line":78,"column":6},"end":{"line":78,"column":42}},"50":{"start":{"line":79,"column":6},"end":{"line":79,"column":28}},"51":{"start":{"line":83,"column":2},"end":{"line":83,"column":37}},"52":{"start":{"line":83,"column":25},"end":{"line":83,"column":37}},"53":{"start":{"line":84,"column":2},"end":{"line":84,"column":61}},"54":{"start":{"line":87,"column":0},"end":{"line":94,"column":2}}},"fnMap":{"0":{"name":"(anonymous_0)","decl":{"start":{"line":4,"column":22},"end":{"line":4,"column":23}},"loc":{"start":{"line":4,"column":33},"end":{"line":9,"column":1}},"line":4},"1":{"name":"(anonymous_1)","decl":{"start":{"line":12,"column":26},"end":{"line":12,"column":27}},"loc":{"start":{"line":12,"column":49},"end":{"line":26,"column":1}},"line":12},"2":{"name":"(anonymous_2)","decl":{"start":{"line":29,"column":25},"end":{"line":29,"column":26}},"loc":{"start":{"line":29,"column":74},"end":{"line":47,"column":1}},"line":29},"3":{"name":"(anonymous_3)","decl":{"start":{"line":34,"column":36},"end":{"line":34,"column":37}},"loc":{"start":{"line":34,"column":46},"end":{"line":36,"column":5}},"line":34},"4":{"name":"(anonymous_4)","decl":{"start":{"line":40,"column":23},"end":{"line":40,"column":24}},"loc":{"start":{"line":40,"column":32},"end":{"line":44,"column":3}},"line":40},"5":{"name":"(anonymous_5)","decl":{"start":{"line":50,"column":19},"end":{"line":50,"column":20}},"loc":{"start":{"line":50,"column":79},"end":{"line":54,"column":1}},"line":50},"6":{"name":"(anonymous_6)","decl":{"start":{"line":57,"column":29},"end":{"line":57,"column":30}},"loc":{"start":{"line":57,"column":40},"end":{"line":68,"column":1}},"line":57},"7":{"name":"(anonymous_7)","decl":{"start":{"line":71,"column":28},"end":{"line":71,"column":29}},"loc":{"start":{"line":71,"column":49},"end":{"line":85,"column":1}},"line":71}},"branchMap":{"0":{"loc":{"start":{"line":5,"column":15},"end":{"line":5,"column":40}},"type":"binary-expr","locations":[{"start":{"line":5,"column":15},"end":{"line":5,"column":35}},{"start":{"line":5,"column":39},"end":{"line":5,"column":40}}],"line":5},"1":{"loc":{"start":{"line":6,"column":25},"end":{"line":6,"column":52}},"type":"binary-expr","locations":[{"start":{"line":6,"column":25},"end":{"line":6,"column":46}},{"start":{"line":6,"column":50},"end":{"line":6,"column":52}}],"line":6},"2":{"loc":{"start":{"line":29,"column":33},"end":{"line":29,"column":50}},"
[...]
"line":197,"column":19}},"114":{"start":{"line":198,"column":4},"end":{"line":198,"column":58}},"115":{"start":{"line":199,"column":4},"end":{"line":199,"column":46}},"116":{"start":{"line":200,"column":4},"end":{"line":200,"column":40}},"117":{"start":{"line":201,"column":4},"end":{"line":201,"column":19}},"118":{"start":{"line":204,"column":19},"end":{"line":204,"column":24}},"119":{"start":{"line":205,"column":4},"end":{"line":205,"column":44}},"120":{"start":{"line":206,"column":4},"end":{"line":206,"column":47}},"121":{"start":{"line":207,"column":4},"end":{"line":207,"column":52}},"122":{"start":{"line":208,"column":4},"end":{"line":208,"column":47}},"123":{"start":{"line":209,"column":4},"end":{"line":209,"column":52}},"124":{"start":{"line":210,"column":4},"end":{"line":210,"column":53}},"125":{"start":{"line":211,"column":4},"end":{"line":211,"column":55}},"126":{"start":{"line":213,"column":4},"end":{"line":213,"column":19}},"127":{"start":{"line":214,"column":4},"end":{"line":214,"column":26}},"128":{"start":{"line":216,"column":4},"end":{"line":226,"column":7}},"129":{"start":{"line":217,"column":16},"end":{"line":217,"column":21}},"130":{"start":{"line":218,"column":6},"end":{"line":218,"column":37}},"131":{"start":{"line":218,"column":21},"end":{"line":218,"column":35}},"132":{"start":{"line":219,"column":6},"end":{"line":219,"column":55}},"133":{"start":{"line":220,"column":19},"end":{"line":220,"column":29}},"134":{"start":{"line":221,"column":6},"end":{"line":221,"column":88}},"135":{"start":{"line":222,"column":6},"end":{"line":222,"column":79}},"136":{"start":{"line":223,"column":6},"end":{"line":223,"column":67}},"137":{"start":{"line":224,"column":6},"end":{"line":224,"column":68}},"138":{"start":{"line":225,"column":6},"end":{"line":225,"column":56}},"139":{"start":{"line":228,"column":4},"end":{"line":228,"column":14}},"140":{"start":{"line":229,"column":20},"end":{"line":229,"column":32}},"141":{"start":{"line":233,"column":0},"end":{"line":293,"column":2}},"142":{"start":{"line":234,"column":2},"end":{"line":292,"column":34}},"143":{"start":{"line":235,"column":4},"end":{"line":235,"column":88}},"144":{"start":{"line":235,"column":19},"end":{"line":235,"column":88}},"145":{"start":{"line":237,"column":21},"end":{"line":237,"column":43}},"146":{"start":{"line":238,"column":4},"end":{"line":238,"column":48}},"147":{"start":{"line":239,"column":18},"end":{"line":239,"column":42}},"148":{"start":{"line":241,"column":20},"end":{"line":241,"column":22}},"149":{"start":{"line":242,"column":19},"end":{"line":242,"column":21}},"150":{"start":{"line":243,"column":17},"end":{"line":243,"column":18}},"151":{"start":{"line":245,"column":4},"end":{"line":255,"column":7}},"152":{"start":{"line":246,"column":6},"end":{"line":246,"column":33}},"153":{"start":{"line":246,"column":26},"end":{"line":246,"column":33}},"154":{"start":{"line":247,"column":6},"end":{"line":247,"column":15}},"155":{"start":{"line":248,"column":19},"end":{"line":253,"column":7}},"156":{"start":{"line":254,"column":6},"end":{"line":254,"column":25}},"157":{"start":{"line":257,"column":20},"end":{"line":257,"column":22}},"158":{"start":{"line":258,"column":4},"end":{"line":277,"column":5}},"159":{"start":{"line":259,"column":6},"end":{"line":276,"column":7}},"160":{"start":{"line":260,"column":25},"end":{"line":260,"column":71}},"161":{"start":{"line":261,"column":35},"end":{"line":272,"column":10}},"162":{"start":{"line":273,"column":8},"end":{"line":273,"column":91}},"163":{"start":{"line":275,"column":8},"end":{"line":275,"column":53}},"164":{"start":{"line":280,"column":4},"end":{"line":280,"column":53}},"165":{"start":{"line":280,"column":24},"end":{"line":280,"column":53}},"166":{"start":{"line":282,"column":4},"end":{"line":286,"column":7}},"167":{"start":{"line":288,"column":4},"end":{"line":291,"column":7}},"168":{"start":{"line":289,"column":55},"end":{"line":289,"column":77}},"169":{"start":{"line":289,"column":118},"end":{"line":289,"column":140}},"170":{"start":{"line":292,"column":20},"end":{"line":292,"column":32}}},"fnMap":{"0":{"name":"(anonymous_0)","decl":{"start":{"line":10,"column":30},"end":{"line":10,"column":31}},"loc":{"start":{"line":10,"column":56},"end":{"line":89,"column":1}},"line":10},"1":{"name":"(anonymous_1)","decl":{"start":{"line":41,"column":73},"end":{"line":41,"column":74}},"loc":{"start":{"line":41,"column":78},"end":{"line":41,"column":120}},"line":41},"2":{"name":"(anonymous_2)","decl":{"start":{"line":46,"column":26},"end":{"line":46,"column":27}},"loc":{"start":{"line":46,"column":34},"end":{"line":50,"column":5}},"line":46},"3":{"name":"(anonymous_3)","decl":{"start":{"line":53,"column":24},"end":{"line":53,"column":25}},"loc":{"start":{"line":53,"column":45},"end":{"line":71,"column":5}},"line":53},"4":{"name":"(anonymous_4)","decl":{"start":{"line":55,"column":32},"end":{"line":55,"column":33}},"loc":{"start":{"line":55,"column":37},"end":{"line":55,"column":73}},"line":55},"5":{"name":"(anonymous_5)","decl":{"start":{"line":62,"column":26},"end":{"line":62,"column":27}},"loc":{"start":{"line":62,"column":31},"end":{"line":62,"column":75}},"line":62},"6":{"name":"(anonymous_6)","decl":{"start":{"line":68,"column":23},"end":{"line":68,"column":24}},"loc":{"start":{"line":68,"column":31},"end":{"line":70,"column":7}},"line":68},"7":{"name":"(anonymous_7)","decl":{"start":{"line":74,"column":26},"end":{"line":74,"column":27}},"loc":{"start":{"line":74,"column":33},"end":{"line":74,"column":52}},"line":74},"8":{"name":"(anonymous_8)","decl":{"start":{"line":92,"column":34},"end":{"line":92,"column":35}},"loc":{"start":{"line":92,"column":60},"end":{"line":150,"column":1}},"line":92},"9":{"name":"(anonymous_9)","decl":{"start":{"line":115,"column":63},"end":{"line":115,"column":64}},"loc":{"start":{"line":115,"column":73},"end":{"line":115,"column":109}},"line":115},"10":{"name":"(anonymous_10)","decl":{"start":{"line":125,"column":26},"end":{"line":125,"column":27}},"loc":{"start":{"line":125,"column":31},"end":{"line":125,"column":68}},"line":125},"11":{"name":"(anonymous_11)","decl":{"start":{"line":127,"column":45},"end":{"line":127,"column":46}},"loc":{"start":{"line":127,"column":50},"end":{"line":127,"column":71}},"line":127},"12":{"name":"(anonymous_12)","decl":{"start":{"line":135,"column":25},"end":{"line":135,"column":26}},"loc":{"start":{"line":135,"column":30},"end":{"line":135,"column":60}},"line":135},"13":{"name":"(anonymous_13)","decl":{"start":{"line":142,"column":26},"end":{"line":142,"column":27}},"loc":{"start":{"line":142,"column":33},"end":{"line":142,"column":52}},"line":142},"14":{"name":"(anonymous_14)","decl":{"start":{"line":153,"column":28},"end":{"line":153,"column":29}},"loc":{"start":{"line":153,"column":54},"end":{"line":173,"column":1}},"line":153},"15":{"name":"(anonymous_15)","decl":{"start":{"line":165,"column":24},"end":{"line":165,"column":25}},"loc":{"start":{"line":165,"column":36},"end":{"line":167,"column":5}},"line":165},"16":{"name":"(anonymous_16)","decl":{"start":{"line":176,"column":30},"end":{"line":176,"column":31}},"loc":{"start":{"line":176,"column":56},"end":{"line":230,"column":1}},"line":176},"17":{"name":"(anonymous_17)","decl":{"start":{"line":216,"column":24},"end":{"line":216,"column":25}},"loc":{"start":{"line":216,"column":36},"end":{"line":226,"column":5}},"line":216},"18":{"name":"(anonymous_18)","decl":{"start":{"line":233,"column":34},"end":{"line":233,"column":35}},"loc":{"start":{"line":233,"column":60},"end":{"line":293,"column":1}},"line":233},"19":{"name":"(anonymous_19)","decl":{"start":{"line":245,"column":18},"end":{"line":245,"column":19}},"loc":{"start":{"line":245,"column":37},"end":{"line":255,"column":5}},"line":245},"20":{"name":"(anonymous_20)","decl":{"start":{"line":289,"column":50},"end":{"line":289,"column":51}},"loc":{"start":{"line":289,"column":55},"end":{"line":289,"column":77}},"line":289},"21":{"name":"(anonymous_21)","decl":{"start":{"line":289,"column":113},"end":{"line":289,"column":114}},"loc":{"start":{"line":289,"column":118},"end":{"line":289,"column":140}},"line":289}},"branchMap":{"0":{"loc":{"start":{"line":16,"column":4},"end":{"line":16,"column":79}},"type":"if","locations":[{"start":{"line":16,"column":4},"end":{"line":16,"column":79}},{"start":{},"end":{}}],"line":16},"1":{"loc":{"start":{"line":62,"column":31},"end":{"line":62,"column":75}},"type":"cond-expr","locations":[{"start":{"line":62,"column":59},"end":{"line":62,"column":70}},{"start":{"line":62,"column":73},"end":{"line":62,"column":75}}],"line":62},"2":{"loc":{"start":{"line":63,"column":8},"end":{"line":63,"column":36}},"type":"binary-expr","locations":[{"start":{"line":63,"column":8},"end":{"line":63,"column":30}},{"start":{"line":63,"column":34},"end":{"line":63,"column":36}}],"line":63},"3":{"loc":{"start":{"line":64,"column":8},"end":{"line":64,"column":37}},"type":"binary-expr","locations":[{"start":{"line":64,"column":8},"end":{"line":64,"column":31}},{"start":{"line":64,"column":35},"end":{"line":64,"column":37}}],"line":64},"4":{"loc":{"start":{"line":96,"column":4},"end":{"line":96,"column":79}},"type":"if","locations":[{"start":{"line":96,"column":4},"end":{"line":96,"column":79}},{"start":{},"end":{}}],"line":96},"5":{"loc":{"start":{"line":115,"column":87},"end":{"line":115,"column":107}},"type":"binary-expr","locations":[{"start":{"line":115,"column":87},"end":{"line":115,"column":101}},{"start":{"line":115,"column":105},"end":{"line":115,"column":107}}],"line":115},"6":{"loc":{"start":{"line":128,"column":28},"end":{"line":128,"column":106}},"type":"cond-expr","locations":[{"start":{"line":128,"column":51},"end":{"line":128,"column":102}},{"start":{"line":128,"column":105},"end":{"line":128,"column":106}}],"line":128},"7":{"loc":{"start":{"line":135,"column":30},"end":{"line":135,"column":60}},"type":"binary-expr","locations":[{"start":{"line":135,"column":30},"end":{"line":135,"column":53}},{"start":{"line":135,"column":57},"end":{"line":135,"column":60}}],"line":135},"8":{"loc":{"start":{"line":166,"column":98},"end":{"line":166,"column":117}},"type":"binary-expr","locations":[{"start":{"line":166,"column":98},"end":{"line":166,"column":111}},{"start":{"line":166,"column":115},"end":{"line":166,"column":117}}],"line":166},"9":{"loc":{"start":{"line":166,"column":121},"end":{"line":166,"column":141}},"type":"binary-expr","locations":[{"start":{"line":166,"column":121},"end":{"line":166,"column":135}},{"start":{"line":166,"column":139},"end":{"line":166,"column":141}}],"line":166},"10":{"loc":{"start":{"line":178,"column":22},"end":{"line":178,"column":57}},"type":"binary-expr","locations":[{"start":{"line":178,"column":22},"end":{"line":178,"column":42}},{"start":{"line":178,"column":46},"end":{"line":178,"column":57}}],"line":178},"11":{"loc":{"start":{"line":180,"column":4},"end":{"line":180,"column":85}},"type":"if","locations":[{"start":{"line":180,"column":4},"end":{"line":180,"column":85}},{"start":{},"end":{}}],"line":180},"12":{"loc":{"start":{"line":218,"column":6},"end":{"line":218,"column":37}},"type":"if","locations":[{"start":{"line":218,"column":6},"end":{"line":218,"column":37}},{"start":{},"end":{}}],"line":218},"13":{"loc":{"start":{"line":221,"column":15},"end":{"line":221,"column":60}},"type":"binary-expr","locations":[{"start":{"line":221,"column":15},"end":{"line":221,"column":37}},{"start":{"line":221,"column":41},"end":{"line":221,"column":54}},{"start":{"line":221,"column":58},"end":{"line":221,"column":60}}],"line":221},"14":{"loc":{"start":{"line":222,"column":18},"end":{"line":222,"column":49}},"type":"binary-expr","locations":[{"start":{"line":222,"column":18},"end":{"line":222,"column":43}},{"start":{"line":222,"column":47},"end":{"line":222,"column":49}}],"line":222},"15":{"loc":{"start":{"line":223,"column":18},"end":{"line":223,"column":37}},"type":"binary-expr","locations":[{"start":{"line":223,"column":18},"end":{"line":223,"column":31}},{"start":{"line":223,"column":35},"end":{"line":223,"column":37}}],"line":223},"16":{"loc":{"start":{"line":224,"column":18},"end":{"line":224,"column":38}},"type":"binary-expr","locations":[{"start":{"line":224,"column":18},"end":{"line":224,"column":32}},{"start":{"line":224,"column":36},"end":{"line":224,"column":38}}],"line":224},"17":{"loc":{"start":{"line":235,"column":4},"end":{"line":235,"column":88}},"type":"if","locations":[{"start":{"line":235,"column":4},"end":{"line":235,"column":88}},{"start":{},"end":{}}],"line":235},"18":{"loc":{"start":{"line":246,"column":6},"end":{"line":246,"column":33}},"type":"if","locations":[{"start":{"line":246,"column":6},"end":{"line":246,"column":33}},{"start":{},"end":{}}],"line":246},"19":{"loc":{"start":{"line":260,"column":25},"end":{"line":260,"column":71}},"type":"binary-expr","locations":[{"start":{"line":260,"column":25},"end":{"line":260,"column":42}},{"start":{"line":260,"column":46},"end":{"line":260,"column":71}}],"line":260},"20":{"loc":{"start":{"line":265,"column":19},"end":{"line":265,"column":61}},"type":"binary-expr","locations":[{"start":{"line":265,"column":19},"end":{"line":265,"column":29}},{"start":{"line":265,"column":33},"end":{"line":265,"column":61}}],"line":265},"21":{"loc":{"start":{"line":273,"column":40},"end":{"line":273,"column":74}},"type":"cond-expr","locations":[{"start":{"line":273,"column":53},"end":{"line":273,"column":62}},{"start":{"line":273,"column":65},"end":{"line":273,"column":74}}],"line":273},"22":{"loc":{"start":{"line":280,"column":4},"end":{"line":280,"column":53}},"type":"if","locations":[{"start":{"line":280,"column":4},"end":{"line":280,"column":53}},{"start":{},"end":{}}],"line":280}},"s":{"0":1,"1":1,"2":1,"3":1,"4":1,"5":1,"6":1,"7":1,"8":0,"9":0,"10":0,"11":0,"12":0,"13":0,"14":0,"15":0,"16":0,"17":0,"18":0,"19":0,"20":0,"21":0,"22":0,"23":0,"24":0,"25":0,"26":0,"27":0,"28":0,"29":0,"30":0,"31":0,"32":0,"33":0,"34":0,"35":0,"36":0,"37":0,"38":0,"39":0,"40":0,"41":0,"42":0,"43":0,"44":0,"45":0,"46":0,"47":0,"48":0,"49":0,"50":0,"51":0,"52":1,"53":0,"54":0,"55":0,"56":0,"57":0,"58":0,"59":0,"60":0,"61":0,"62":0,"63":0,"64":0,"65":0,"66":0,"67":0,"68":0,"69":0,"70":0,"71":0,"72":0,"73":0,"74":0,"75":0,"76":0,"77":0,"78":0,"79":0,"80":0,"81":0,"82":0,"83":0,"84":0,"85":0,"86":0,"87":0,"88":0,"89":0,"90":1,"91":0,"92":0,"93":0,"94":0,"95":0,"96":0,"97":0,"98":0,"99":0,"100":0,"101":1,"102":0,"103":0,"104":0,"105":0,"106":0,"107":0,"108":0,"109":0,"110":0,"111":0,"112":0,"113":0,"114":0,"115":0,"116":0,"117":0,"118":0,"119":0,"120":0,"121":0,"122":0,"123":0,"124":0,"125":0,"126":0,"127":0,"128":0,"129":0,"130":0,"131":0,"132":0,"133":0,"134":0,"135":0,"136":0,"137":0,"138":0,"139":0,"140":0,"141":1,"142":0,"143":0,"144":0,"145":0,"146":0,"147":0,"148":0,"149":0,"150":0,"151":0,"152":0,"153":0,"154":0,"155":0,"156":0,"157":0,"158":0,"159":0,"160":0,"161":0,"162":0,"163":0,"164":0,"165":0,"166":0,"167":0,"168":0,"169":0,"170":0},"f":{"0":0,"1":0,"2":0,"3":0,"4":0,"5":0,"6":0,"7":0,"8":0,"9":0,"10":0,"11":0,"12":0,"13":0,"14":0,"15":0,"16":0,"17":0,"18":0,"19":0,"20":0,"21":0},"b":{"0":[0,0],"1":[0,0],"2":[0,0],"3":[0,0],"4":[0,0],"5":[0,0],"6":[0,0],"7":[0,0],"8":[0,0],"9":[0,0],"10":[0,0],"11":[0,0],"12":[0,0],"13":[0,0,0],"14":[0,0],"15":[0,0],"16":[0,0],"17":[0,0],"18":[0,0],"19":[0,0],"20":[0,0],"21":[0,0],"22":[0,0]},"_coverageSchema":"1a1c01bbd47fc00a2c39e90264f33305004495a9","hash":"f4756a2bef8bec3980cd9a65059c2953a581b6cb"},"C:\\Users\\Windows\\Documents\\BTL Công nghệ web và ứng dụng\\backend\\src\\middleware\\errorHandler.js":{"path":"C:\\Users\\Windows\\Documents\\BTL Công nghệ web và ứng dụng\\backend\\src\\middleware\\errorHandler.js","statementMap":{"0":{"start":{"line":1,"column":21},"end":{"line":54,"column":1}},"1":{"start":{"line":2,"column":2},"end":{"line":8,"column":5}},"2":{"start":{"line":11,"column":2},"end":{"line":20,"column":3}},"3":{"start":{"line":12,"column":19},"end":{"line":15,"column":7}},"4":{"start":{"line":12,"column":40},"end":{"line":15,"column":5}},"5":{"start":{"line":16,"column":4},"end":{"line":19,"column":7}},"6":{"start":{"line":23,"column":2},"end":{"line":32,"column":3}},"7":{"start":{"line":24,"column":19},"end":{"line":27,"column":7}},"8":{"start":{"line":24,"column":40},"end":{"line":27,"column":5}},"9":{"start":{"line":28,"column":4},"end":{"line":31,"column":7}},"10":{"start":{"line":35,"column":2},"end":{"line":39,"column":3}},"11":{"start":{"line":36,"column":4},"end":{"line":38,"column":7}},"12":{"start":{"line":42,"column":2},"end":{"line":46,"column":3}},"13":{"start":{"line":43,"column":4},"end":{"line":45,"column":7}},"14":{"start":{"line":49,"column":2},"end":{"line":53,"column":5}},"15":{"start":{"line":59,"column":4},"end":{"line":59,"column":19}},"16":{"start":{"line":60,"column":4},"end":{"line":60,"column":33}},"17":{"start":{"line":61,"column":4},"end":{"line":61,"column":27}},"18":{"start":{"line":65,"column":0},"end":{"line":65,"column":44}}},"fnMap":{"0":{"name":"(anonymous_0)","decl":{"start":{"line":1,"column":21},"end":{"line":1,"column":22}},"loc":{"start":{"line":1,"column":46},"end":{"line":54,"column":1}},"line":1},"1":{"name":"(anonymous_1)","decl":{"start":{"line":12,"column":34},"end":{"line":12,"column":35}},"loc":{"start":{"line":12,"column":40},"end":{"line":15,"column":5}},"line":12},"2":{"name":"(anonymous_2)","decl":{"start":{"line":24,"column":34},"end":{"line":24,"column":35}},"loc":{"start":{"line":24,"column":40},"end":{"line":27,"column":5}},"line":24},"3":{"name":"(anonymous_3)","decl":{"start":{"line":58,"column":2},"end":{"line":58,"column":3}},"loc":{"start":{"line":58,"column":35},"end":{"line":62,"column":3}},"line":58}},"branchMap":{"0":{"loc":{"start":{"line":4,"column":11},"end":{"line":4,"column":73}},"type":"cond-expr","locations":[{"start":{"line":4,"column":52},"end":{"line":4,"column":61}},{"start":{"line":4,"column":64},"end":{"line":4,"column":73}}],"line":4},"1":{"loc":{"start":{"line":11,"column":2},"end":{"line":20,"column":3}},"type":"if","locations":[{"start":{"line":11,"column":2},"end":{"line":20,"column":3}},{"start":{},"end":{}}],"line":11},"2":{"loc":{"start":{"line":23,"column":2},"end":{"line":32,"column":3}},"type":"if","locations":[{"start":{"line":23,"column":2},"end":{"line":32,"column":3}},{"start":{},"end":{}}],"line":23},"3":{"loc":{"start":{"line":35,"column":2},"end":{"line":39,"column":3}},"type":"if","locations":[{"start":{"line":35,"column":2},"end":{"line":39,"column":3}},{"start":{},"end":{}}],"line":35},"4":{"loc":{"start":{"line":42,"column":2},"end":{"line":46,"column":3}},"type":"if","locations":[{"start":{"line":42,"column":2},"end":{"line":46,"column":3}},{"start":{},"end":{}}],"line":42},"5":{"loc":{"start":{"line":50,"column":11},"end":{"line":52,"column":19}},"type":"cond-expr","locations":[{"start":{"line":51,"column":8},"end":{"line":51,"column":28}},{"start":{"line":52,"column":8},"end":{"line":52,"column":19}}],"line":50}},"s":{"0":1,"1":0,"2":0,"3":0,"4":0,"5":0,"6":0,"7":0,"8":0,"9":0,"10":0,"11":0,"12":0,"13":0,"14":0,"15":0,"16":0,"17":0,"18":1},"f":{"0":0,"1":0,"2":0,"3":0},"b":{"0":[0,0],"1":[0,0],"2":[0,0],"3":[0,0],"4":[0,0],"5":[0,0]},"_coverageSchema":"1a1c01bbd47fc00a2c39e90264f33305004495a9","hash":"16f9ca47a2277676ad940a81c798e5abc010d2df"},"C:\\Users\\Windows\\Documents\\BTL Công nghệ web và ứng dụng\\backend\\src\\config\\swagger.js":{"path":"C:\\Users\\Windows\\Documents\\BTL Công nghệ web và ứng dụng\\backend\\src\\config\\swagger.js","statementMap":{"0":{"start":{"line":1,"column":21},"end":{"line":1,"column":45}},"1":{"start":{"line":3,"column":16},"end":{"line":44,"column":1}},"2":{"start":{"line":46,"column":20},"end":{"line":46,"column":41}},"3":{"start":{"line":48,"column":0},"end":{"line":48,"column":29}}},"fnMap":{},"branchMap":{},"s":{"0":1,"1":1,"2":1,"3":1},"f":{},"b":{},"_coverageSchema":"1a1c01bbd47fc00a2c39e90264f33305004495a9","hash":"e102a849a1e7ad55d28ce89c9cb40884ddd104a4"}}}
